ST-Compiler Version 4.52.01    Thu Aug 08 23:04:46 2024    Page 1
Command line:'D:\Work\Guatemala\2024\POC_HINCAPIE\Project\SIEMENS\DIGSI\S012+R06_EN_CURSO\TMP\CFC\7344242.142931\STComp.st'


                                    .SEG      CODE
 00001:  
 00002:                                                    (* ---------- Structure : SSPS ----------  *)
 00003:  TYPE SSPS:
 00004:  STRUCT
 00005:          SP   :  BOOL;
 00006:           Q   :  WORD;
 00007:  END_STRUCT;
 00008:  END_TYPE
 00009:  
 00010:  
 00011:                                                    (* ---------- EV Function Block : IEXV_SPS_BO ----------  *)
 00012:  
 00013:  FUNCTION_BLOCK IEXV_SPS_BO
 00014:  VAR_INPUT
 00015:          LNK :UINT := 0;
 00016:  END_VAR
 00017:  VAR_OUTPUT
 00018:          VAL :BOOL;
 00019:  END_VAR
 00020:  VAR
 00021:          INI :BOOL := 0;
 00022:          LNKPTR :DINT := 0;
 00023:  END_VAR
 00024:          GATE SPbo
                                IEXV_SPS_BO:

                                    .SEG      CODE
00000000  0301????????              CALL      SPbo
 00025:  END_FUNCTION_BLOCK
00000006  010A0000                  RETB      #0
 00026:  
 00027:  
 00028:  
 00029:                                                    (* ---------- EV Function Block : OEXV_BO_SPS ----------  *)
 00030:  
 00031:  FUNCTION_BLOCK OEXV_BO_SPS
 00032:  VAR_INPUT
 00033:          LNK :UINT := 0;
 00034:          VAL :BOOL := 0;
 00035:  END_VAR
 00036:  VAR
 00037:          INI :BOOL := 0;
 00038:          LNKPTR :DINT := 0;
 00039:  END_VAR
 00040:          GATE boSP
                                OEXV_BO_SPS:
0000000A  0301????????              CALL      boSP
 00041:  END_FUNCTION_BLOCK
00000010  010A0000                  RETB      #0
 00042:  
 00043:  
 00044:  
ST-Compiler Version 4.52.01    Thu Aug 08 23:04:46 2024    Page 2
File: 'D:\Work\Guatemala\2024\POC_HINCAPIE\Project\SIEMENS\DIGSI\S012+R06_EN_CURSO\TMP\CFC\7344242.142931\STComp.st'

 00045:                                                    (* ---------- Function Block : AND10 ----------  *)
 00046:  
 00047:  FUNCTION_BLOCK AND10
 00048:  {
 00049:       TICKS           := 2;
 00050:       GENERIC         := NO;
 00051:       BLOCKVIEW       := BIG;
 00052:       SYSTIMER        := 0;
 00053:       FF_MEMO_MEM     := 0;
 00054:       HELPID          := 10264;
 00055:       COMMENT         := 'AND';
 00056:       NESTED          := NO;
 00057:  }
 00058:  VAR_INPUT
 00059:          X1 { TICKS := 0; VISIBLE := YES;}:BOOL := 0;
 00060:          X2 { TICKS := 0; VISIBLE := YES;}:BOOL := 0;
 00061:          X3 { TICKS := 0; VISIBLE := NO;}:BOOL := 1;
 00062:          X4 { TICKS := 0; VISIBLE := NO;}:BOOL := 1;
 00063:          X5 { TICKS := 0; VISIBLE := NO;}:BOOL := 1;
 00064:          X6 { TICKS := 0; VISIBLE := NO;}:BOOL := 1;
 00065:          X7 { TICKS := 0; VISIBLE := NO;}:BOOL := 1;
 00066:          X8 { TICKS := 0; VISIBLE := NO;}:BOOL := 1;
 00067:          X9 { TICKS := 0; VISIBLE := NO;}:BOOL := 1;
 00068:          X10 { TICKS := 0; VISIBLE := NO;}:BOOL := 1;
 00069:  END_VAR
 00070:  VAR_OUTPUT
 00071:          Y { TICKS := 0; VISIBLE := YES;}:BOOL := 0;
 00072:  END_VAR
 00073:  Y:= X1 AND X2 AND X3 AND X4 AND X5 AND X6 AND X7 AND X8 AND X9 AND X10;
                                AND10:
00000014  0E0200000000              LD.W      0(DP)
0000001A  3F2502000000              AND.W     AC,2(DP)
00000020  3F2504000000              AND.W     AC,4(DP)
00000026  3F2506000000              AND.W     AC,6(DP)
0000002C  3F2508000000              AND.W     AC,8(DP)
00000032  3F250A000000              AND.W     AC,10(DP)
00000038  3F250C000000              AND.W     AC,12(DP)
0000003E  3F250E000000              AND.W     AC,14(DP)
00000044  3F2510000000              AND.W     AC,16(DP)
0000004A  3F2512000000              AND.W     AC,18(DP)
00000050  130214000000              ST.W      20(DP)
 00074:  END_FUNCTION_BLOCK
00000056  010A0000                  RETB      #0
 00075:  
 00076:  
 00077:  
 00078:                                                    (* ---------- Function Block : FF_SR_MEM ----------  *)
 00079:  
 00080:  FUNCTION_BLOCK FF_SR_MEM
 00081:  {
 00082:       TICKS           := 1;
 00083:       GENERIC         := NO;
 00084:       BLOCKVIEW       := BIG;
 00085:       SYSTIMER        := 0;
 00086:       FF_MEMO_MEM     := 2;
 00087:       HELPID          := 10279;
 00088:       COMMENT         := 'FF_SR_MEM';
 00089:       NESTED          := NO;
ST-Compiler Version 4.52.01    Thu Aug 08 23:04:46 2024    Page 3
File: 'D:\Work\Guatemala\2024\POC_HINCAPIE\Project\SIEMENS\DIGSI\S012+R06_EN_CURSO\TMP\CFC\7344242.142931\STComp.st'

 00090:  }
 00091:  VAR_INPUT
 00092:          S { TICKS := 0; VISIBLE := YES;}:BOOL := 0;
 00093:          R { TICKS := 0; VISIBLE := YES;}:BOOL := 0;
 00094:  END_VAR
 00095:  VAR_OUTPUT
 00096:          OUT { TICKS := 0; VISIBLE := YES;}:BOOL := 0;
 00097:  END_VAR
 00098:  VAR
 00099:       INI : BOOL  :=  0;
 00100:       pMEM : DINT  :=  0;
 00101:       OLD : BOOL  :=  0;
 00102:  END_VAR
 00103:       GATE SRMM
                                FF_SR_MEM:
0000005A  0301????????              CALL      SRMM
 00104:  END_FUNCTION_BLOCK
00000060  010A0000                  RETB      #0
 00105:  
 00106:  
 00107:  
 00108:                                                    (* ---------- Function Block : OR10 ----------  *)
 00109:  
 00110:  FUNCTION_BLOCK OR10
 00111:  {
 00112:       TICKS           := 2;
 00113:       GENERIC         := NO;
 00114:       BLOCKVIEW       := BIG;
 00115:       SYSTIMER        := 0;
 00116:       FF_MEMO_MEM     := 0;
 00117:       HELPID          := 10268;
 00118:       COMMENT         := 'OR';
 00119:       NESTED          := NO;
 00120:  }
 00121:  VAR_INPUT
 00122:          X1 { TICKS := 0; VISIBLE := YES;}:BOOL := 0;
 00123:          X2 { TICKS := 0; VISIBLE := YES;}:BOOL := 0;
 00124:          X3 { TICKS := 0; VISIBLE := NO;}:BOOL := 0;
 00125:          X4 { TICKS := 0; VISIBLE := NO;}:BOOL := 0;
 00126:          X5 { TICKS := 0; VISIBLE := NO;}:BOOL := 0;
 00127:          X6 { TICKS := 0; VISIBLE := NO;}:BOOL := 0;
 00128:          X7 { TICKS := 0; VISIBLE := NO;}:BOOL := 0;
 00129:          X8 { TICKS := 0; VISIBLE := NO;}:BOOL := 0;
 00130:          X9 { TICKS := 0; VISIBLE := NO;}:BOOL := 0;
 00131:          X10 { TICKS := 0; VISIBLE := NO;}:BOOL := 0;
 00132:  END_VAR
 00133:  VAR_OUTPUT
 00134:          Y { TICKS := 0; VISIBLE := YES;}:BOOL := 0;
 00135:  END_VAR
 00136:  Y:= X1 OR X2 OR X3 OR X4 OR X5 OR X6 OR X7 OR X8 OR X9 OR X10;
                                OR10:
00000064  0E0200000000              LD.W      0(DP)
0000006A  422502000000              OR.W      AC,2(DP)
00000070  422504000000              OR.W      AC,4(DP)
00000076  422506000000              OR.W      AC,6(DP)
0000007C  422508000000              OR.W      AC,8(DP)
00000082  42250A000000              OR.W      AC,10(DP)
00000088  42250C000000              OR.W      AC,12(DP)
ST-Compiler Version 4.52.01    Thu Aug 08 23:04:46 2024    Page 4
File: 'D:\Work\Guatemala\2024\POC_HINCAPIE\Project\SIEMENS\DIGSI\S012+R06_EN_CURSO\TMP\CFC\7344242.142931\STComp.st'

0000008E  42250E000000              OR.W      AC,14(DP)
00000094  422510000000              OR.W      AC,16(DP)
0000009A  422512000000              OR.W      AC,18(DP)
000000A0  130214000000              ST.W      20(DP)
 00137:  END_FUNCTION_BLOCK
000000A6  010A0000                  RETB      #0
 00138:  
 00139:  
 00140:  
 00141:  
 00142:  
 00143:                                                    (* ---------- Program : CHART_c0a54037_4128_461a_9ad2_95c18c47a68d ----------  *)
 00144:  
 00145:  PROGRAM CHART_c0a54037_4128_461a_9ad2_95c18c47a68d
 00146:  {COMMENT := "Lógico 50BF";DESC := "";}
 00147:  (* ChartLayout;PageSize := A4,Rows := 3,Columns := 2,MarginMode := WithoutMargins,MarginSize := 37,MarginLines := 1 *)
 00148:  (* PartitionInfo;Id := 1,Name := Partition_1,Comment :=       *)
 00149:  VAR
 00150:  
 00151:  
 00152:  
 00153:       (* IO_IOVISIBILITY;AND10_1;X3:X4:X5:X6:X7:X8:X9:X10: *)
 00154:                 
 00155:       (* PartitionInfo;PartitionID AND10_1;1  *)
 00156:  AND10_1         { COMMENT := 'and10_1'; POSITION := 56,16; SIZE := 12, 12; } :AND10;        
 00157:  
 00158:  
 00159:       (* IO_IOVISIBILITY;AND10_2;X3:X4:X5:X6:X7:X8:X9:X10: *)
 00160:                 
 00161:       (* PartitionInfo;PartitionID AND10_2;1  *)
 00162:  AND10_2         { COMMENT := 'and10_2'; POSITION := 56,23; SIZE := 12, 12; } :AND10;        
 00163:  
 00164:                 
 00165:       (* PartitionInfo;PartitionID FF_SR_MEM_3;1  *)
 00166:  FF_SR_MEM_3     { COMMENT := 'ff_sr_mem_1'; POSITION := 67,4; SIZE := 12, 12; } :FF_SR_MEM;    
 00167:  
 00168:  
 00169:       (* IO_IOVISIBILITY;OR10_4;X6:X7:X8:X9:X10: *)
 00170:                 
 00171:       (* PartitionInfo;PartitionID OR10_4;1  *)
 00172:  OR10_4          { COMMENT := 'or10_1'; POSITION := 80,16; SIZE := 12, 12; } :OR10;         
 00173:  
 00174:       (* 0003 - F06_F004.Application.FG1_Breaker_3pol.FB1_RBRF_Adv_3pol.OpEx.ACTGeneral *)
 00175:       EXV_SPS_0003   {COMMENT := "F06_F004.Application.FG1_Breaker_3pol.FB1_RBRF_Adv_3pol.OpEx.ACTGeneral";DESC := "0##Application#Interruptor LV#50BF#Trip T2#general##1";}:IEXV_SPS_BO;
 00176:  
 00177:       (* 0004 - F06_F004.Application.FG1_UserDef.FB2_Universal.RsOpEx *)
 00178:       EXV_SPS_0004   {COMMENT := "F06_F004.Application.FG1_UserDef.FB2_Universal.RsOpEx";DESC := "0##Application#Usuario#GGIO1#Reset 86BF##1";}:IEXV_SPS_BO;
 00179:  
 00180:       (* 0005 - F06_F004.Application.FG1_UserDef.FB2_Universal.OpEx86BU1 *)
 00181:       EXV_SPS_0005   {COMMENT := "F06_F004.Application.FG1_UserDef.FB2_Universal.OpEx86BU1";DESC := "0##Application#Usuario#GGIO1#Opero 86BF##1";}:OEXV_BO_SPS;
 00182:  
 00183:       (* 0006 - F06_F004.Application.FG1_Breaker_3pol.FB1_RBRF_Adv_3pol.Initiation *)
 00184:       EXV_SPS_0006   {COMMENT := "F06_F004.Application.FG1_Breaker_3pol.FB1_RBRF_Adv_3pol.Initiation";DESC := "0##Application#Interruptor LV#50BF#>Start##1";}:OEXV_BO_SPS;
 00185:  
 00186:       (* 0007 - F06_F004.Application.FG1_UserDef.FB3_Universal.Init3p *)
 00187:       EXV_SPS_0007   {COMMENT := "F06_F004.Application.FG1_UserDef.FB3_Universal.Init3p";DESC := "0##Application#Usuario#GOOSE#Arranque 50BF LV F002##1";}:IEXV_SPS_BO;
 00188:  
 00189:       (* 0008 - F06_F004.Application.FG1_UserDef.FB3_Universal.Init3p1 *)
ST-Compiler Version 4.52.01    Thu Aug 08 23:04:46 2024    Page 5
File: 'D:\Work\Guatemala\2024\POC_HINCAPIE\Project\SIEMENS\DIGSI\S012+R06_EN_CURSO\TMP\CFC\7344242.142931\STComp.st'

 00190:       EXV_SPS_0008   {COMMENT := "F06_F004.Application.FG1_UserDef.FB3_Universal.Init3p1";DESC := "0##Application#Usuario#GOOSE#Arranque 50BF LV F003##1";}:IEXV_SPS_BO;
 00191:  
 00192:       (* 0009 - F06_F004.Application.FG1_UserDef.FB1_Universal.SPS1 *)
 00193:       EXV_SPS_0009   {COMMENT := "F06_F004.Application.FG1_UserDef.FB1_Universal.SPS1";DESC := "0##Application#Usuario#Entradas#1BI-3_Opero 86T##1";}:IEXV_SPS_BO;
 00194:  
 00195:       (* 0010 - F06_F004.Application.FG1_StandardUI.FN1_3ph_overcurrent_3pol_Bas.FB1_PTOC_3ph_IOCP_3pol_Bas.Op.ACTGeneral *)
 00196:       EXV_SPS_0010   {COMMENT := "F06_F004.Application.FG1_StandardUI.FN1_3ph_overcurrent_3pol_Bas.FB1_PTOC_3ph_IOCP_3pol_Bas.Op.ACTGeneral";DESC := "0##Application#Transformador LV#51L#Inverse-T 1#Operate#general##1";}:IEXV_SPS_BO;
 00197:  
 00198:       (* 0011 - F06_F004.Application.FG1_StandardUI.FN1_Gnd_overcurrent_Bas.FB1_PTOC_Gnd_IOCP_Bas.Op.ACTGeneral *)
 00199:       EXV_SPS_0011   {COMMENT := "F06_F004.Application.FG1_StandardUI.FN1_Gnd_overcurrent_Bas.FB1_PTOC_Gnd_IOCP_Bas.Op.ACTGeneral";DESC := "0##Application#Transformador LV#51NL#Inverse-T 1#Operate#general##1";}:IEXV_SPS_BO;
 00200:  
 00201:       (* 0012 - F06_F004.Application.FG1_ComSupervision.FN1_GOOSESupervision.FB1_LGOS.Health.Health_Ok *)
 00202:       EXV_SPS_0012   {COMMENT := "F06_F004.Application.FG1_ComSupervision.FN1_GOOSESupervision.FB1_LGOS.Health.Health_Ok";DESC := "0##Application#Com. supervision#GOOSE supervis.#Subscription_F002#Health#ok##1";}:IEXV_SPS_BO;
 00203:  
 00204:       (* 0013 - F06_F004.Application.FG1_ComSupervision.FN1_GOOSESupervision.FB2_LGOS.Health.Health_Ok *)
 00205:       EXV_SPS_0013   {COMMENT := "F06_F004.Application.FG1_ComSupervision.FN1_GOOSESupervision.FB2_LGOS.Health.Health_Ok";DESC := "0##Application#Com. supervision#GOOSE supervis.#Subscription_F003#Health#ok##1";}:IEXV_SPS_BO;
 00206:  END_VAR
 00207:  
 00208:       EXV_SPS_0003        (LNK := 3);
                                CHART_c0a54037_4128_461a_9ad2_95c18c47a68d:
000000AA  182A030050000000          MOVE.W    #3,80(DP)
000000B2  04B10000000050000000      VCALL     IEXV_SPS_BO,#80
 00209:  
 00210:       EXV_SPS_0004        (LNK := 4);
000000BC  182A04005A000000          MOVE.W    #4,90(DP)
000000C4  04B1000000005A000000      VCALL     IEXV_SPS_BO,#90
 00211:  
 00212:       EXV_SPS_0007        (LNK := 7);
000000CE  182A070078000000          MOVE.W    #7,120(DP)
000000D6  04B10000000078000000      VCALL     IEXV_SPS_BO,#120
 00213:  
 00214:       EXV_SPS_0008        (LNK := 8);
000000E0  182A080082000000          MOVE.W    #8,130(DP)
000000E8  04B10000000082000000      VCALL     IEXV_SPS_BO,#130
 00215:  
 00216:       EXV_SPS_0009        (LNK := 9);
000000F2  182A09008C000000          MOVE.W    #9,140(DP)
000000FA  04B1000000008C000000      VCALL     IEXV_SPS_BO,#140
 00217:  
 00218:       EXV_SPS_0010        (LNK := 10);
00000104  182A0A0096000000          MOVE.W    #10,150(DP)
0000010C  04B10000000096000000      VCALL     IEXV_SPS_BO,#150
 00219:  
 00220:       EXV_SPS_0011        (LNK := 11);
00000116  182A0B00A0000000          MOVE.W    #11,160(DP)
0000011E  04B100000000A0000000      VCALL     IEXV_SPS_BO,#160
 00221:  
 00222:       EXV_SPS_0012        (LNK := 12);
00000128  182A0C00AA000000          MOVE.W    #12,170(DP)
00000130  04B100000000AA000000      VCALL     IEXV_SPS_BO,#170
 00223:  
 00224:       EXV_SPS_0013        (LNK := 13);
0000013A  182A0D00B4000000          MOVE.W    #13,180(DP)
00000142  04B100000000B4000000      VCALL     IEXV_SPS_BO,#180
 00225:  
 00226:       AND10_1             (X1 := EXV_SPS_0007.VAL(* POSITION := -1*-1: SIZE := 31* -1:   *) ,
0000014C  18227A00000000000000      MOVE.W    122(DP),0(DP)
 00227:                            X2 := EXV_SPS_0012.VAL(* POSITION := -1*-1: SIZE := 43* -1:   *) ,
ST-Compiler Version 4.52.01    Thu Aug 08 23:04:46 2024    Page 6
File: 'D:\Work\Guatemala\2024\POC_HINCAPIE\Project\SIEMENS\DIGSI\S012+R06_EN_CURSO\TMP\CFC\7344242.142931\STComp.st'

00000156  1822AC00000002000000      MOVE.W    172(DP),2(DP)
 00228:                            X3 := 1,
00000160  182A010004000000          MOVE.W    #1,4(DP)
 00229:                            X4 := 1,
00000168  182A010006000000          MOVE.W    #1,6(DP)
 00230:                            X5 := 1,
00000170  182A010008000000          MOVE.W    #1,8(DP)
 00231:                            X6 := 1,
00000178  182A01000A000000          MOVE.W    #1,10(DP)
 00232:                            X7 := 1,
00000180  182A01000C000000          MOVE.W    #1,12(DP)
 00233:                            X8 := 1,
00000188  182A01000E000000          MOVE.W    #1,14(DP)
 00234:                            X9 := 1,
00000190  182A010010000000          MOVE.W    #1,16(DP)
 00235:                            X10 := 1);
00000198  182A010012000000          MOVE.W    #1,18(DP)
000001A0  04B11400000000000000      VCALL     AND10,#0
 00236:  
 00237:       AND10_2             (X1 := EXV_SPS_0008.VAL(* POSITION := -1*-1: SIZE := 31* -1:   *) ,
000001AA  18228400000016000000      MOVE.W    132(DP),22(DP)
 00238:                            X2 := EXV_SPS_0013.VAL(* POSITION := -1*-1: SIZE := 43* -1:   *) ,
000001B4  1822B600000018000000      MOVE.W    182(DP),24(DP)
 00239:                            X3 := 1,
000001BE  182A01001A000000          MOVE.W    #1,26(DP)
 00240:                            X4 := 1,
000001C6  182A01001C000000          MOVE.W    #1,28(DP)
 00241:                            X5 := 1,
000001CE  182A01001E000000          MOVE.W    #1,30(DP)
 00242:                            X6 := 1,
000001D6  182A010020000000          MOVE.W    #1,32(DP)
 00243:                            X7 := 1,
000001DE  182A010022000000          MOVE.W    #1,34(DP)
 00244:                            X8 := 1,
000001E6  182A010024000000          MOVE.W    #1,36(DP)
 00245:                            X9 := 1,
000001EE  182A010026000000          MOVE.W    #1,38(DP)
 00246:                            X10 := 1);
000001F6  182A010028000000          MOVE.W    #1,40(DP)
000001FE  04B11400000016000000      VCALL     AND10,#22
 00247:  
 00248:       FF_SR_MEM_3         (S := EXV_SPS_0003.VAL(* POSITION := -1*-1: SIZE := 31* -1:   *) ,
00000208  1822520000002C000000      MOVE.W    82(DP),44(DP)
 00249:                            R := EXV_SPS_0004.VAL(* POSITION := -1*-1: SIZE := 25* -1:   *) );
00000212  18225C0000002E000000      MOVE.W    92(DP),46(DP)
0000021C  04B15A0000002C000000      VCALL     FF_SR_MEM,#44
 00250:  
 00251:       OR10_4              (X1 := AND10_1.Y,
00000226  1822140000003A000000      MOVE.W    20(DP),58(DP)
 00252:                            X2 := AND10_2.Y,
00000230  18222A0000003C000000      MOVE.W    42(DP),60(DP)
 00253:                            X3 := EXV_SPS_0009.VAL(* POSITION := 19*31: SIZE := 29* -1:   *) ,
0000023A  18228E0000003E000000      MOVE.W    142(DP),62(DP)
 00254:                            X4 := EXV_SPS_0010.VAL(* POSITION := 11*33: SIZE := 37* -1:   *) ,
00000244  18229800000040000000      MOVE.W    152(DP),64(DP)
 00255:                            X5 := EXV_SPS_0011.VAL(* POSITION := 10*35: SIZE := 38* -1:   *) ,
0000024E  1822A200000042000000      MOVE.W    162(DP),66(DP)
 00256:                            X6 := 0,
ST-Compiler Version 4.52.01    Thu Aug 08 23:04:46 2024    Page 7
File: 'D:\Work\Guatemala\2024\POC_HINCAPIE\Project\SIEMENS\DIGSI\S012+R06_EN_CURSO\TMP\CFC\7344242.142931\STComp.st'

00000258  182A000044000000          MOVE.W    #0,68(DP)
 00257:                            X7 := 0,
00000260  182A000046000000          MOVE.W    #0,70(DP)
 00258:                            X8 := 0,
00000268  182A000048000000          MOVE.W    #0,72(DP)
 00259:                            X9 := 0,
00000270  182A00004A000000          MOVE.W    #0,74(DP)
 00260:                            X10 := 0);
00000278  182A00004C000000          MOVE.W    #0,76(DP)
00000280  04B1640000003A000000      VCALL     OR10,#58
 00261:  
 00262:       EXV_SPS_0005        (LNK := 5,
0000028A  182A050064000000          MOVE.W    #5,100(DP)
 00263:                            VAL := FF_SR_MEM_3.OUT(* POSITION := -1*-1: SIZE := 25* -1:   *) );
00000292  18223000000066000000      MOVE.W    48(DP),102(DP)
0000029C  04B10A00000064000000      VCALL     OEXV_BO_SPS,#100
 00264:       EXV_SPS_0006        (LNK := 6,
000002A6  182A06006E000000          MOVE.W    #6,110(DP)
 00265:                            VAL := OR10_4.Y(* POSITION := -1*-1: SIZE := 26* -1:   *) );
000002AE  18224E00000070000000      MOVE.W    78(DP),112(DP)
000002B8  04B10A0000006E000000      VCALL     OEXV_BO_SPS,#110
 00266:  
 00267:  (* COMMENT_TEXT;{X=60,Y=1};{Width=26, Height=2};FontSize := 20,LineColor := 0,LineWidth := 0,Alignment := Center,AutoWrap := True,BackColor := -16738588,Background := False,TextColor := 0,WallpaperGamma := 100,PartitionID := 1,;OPERO 86BF Q0 LV *)
 00268:  (* COMMENT_TEXT;{X=58,Y=12};{Width=30, Height=2};FontSize := 20,LineColor := 0,LineWidth := 0,Alignment := Center,AutoWrap := True,BackColor := -16738588,Background := False,TextColor := 0,WallpaperGamma := 100,PartitionID := 1,;ARRANQUE 50BF *)
 00269:  
 00270:  END_PROGRAM
000002C2  010A0000                  RETB      #0
 00271:  
 00272:                                                    (* ---------- Program : CHART_54bc3a75_2cd3_401a_9f40_bee50fa2d408 ----------  *)
 00273:  
 00274:  PROGRAM CHART_54bc3a75_2cd3_401a_9f40_bee50fa2d408
 00275:  {COMMENT := "Lógica de cierre emergente";DESC := "";}
 00276:  (* ChartLayout;PageSize := A4,Rows := 3,Columns := 2,MarginMode := WithoutMargins,MarginSize := 24,MarginLines := 1 *)
 00277:  (* PartitionInfo;Id := 1,Name := Partition_1,Comment :=   *)
 00278:  VAR
 00279:  
 00280:  
 00281:                 
 00282:       (* PartitionInfo;PartitionID AND10_1;1  *)
 00283:  AND10_1         { COMMENT := 'and10_1'; POSITION := 138,55; SIZE := 12, 12; } :AND10;        
 00284:  
 00285:  
 00286:       (* IO_IOVISIBILITY;AND10_2;X10: *)
 00287:                 
 00288:       (* PartitionInfo;PartitionID AND10_2;1  *)
 00289:  AND10_2         { COMMENT := 'and10_3'; POSITION := 157,69; SIZE := 12, 12; } :AND10;        
 00290:  
 00291:  
 00292:       (* IO_IOVISIBILITY;AND10_3;X3:X4:X5:X6:X7:X8:X9:X10: *)
 00293:                 
 00294:       (* PartitionInfo;PartitionID AND10_3;1  *)
 00295:  AND10_3         { COMMENT := 'and10_2'; POSITION := 140,99; SIZE := 12, 12; } :AND10;        
 00296:  
 00297:  
 00298:       (* IO_IOVISIBILITY;AND10_4;X3:X4:X5:X6:X7:X8:X9:X10: *)
 00299:                 
 00300:       (* PartitionInfo;PartitionID AND10_4;1  *)
 00301:  AND10_4         { COMMENT := 'and10_4'; POSITION := 140,106; SIZE := 12, 12; } :AND10;        
ST-Compiler Version 4.52.01    Thu Aug 08 23:04:46 2024    Page 8
File: 'D:\Work\Guatemala\2024\POC_HINCAPIE\Project\SIEMENS\DIGSI\S012+R06_EN_CURSO\TMP\CFC\7344242.142931\STComp.st'

 00302:  
 00303:       (* 0014 - F06_F004.Application.FG1_UserDef.FB1_Universal.SPS *)
 00304:       EXV_SPS_0014   {COMMENT := "F06_F004.Application.FG1_UserDef.FB1_Universal.SPS";DESC := "0##Application#Usuario#Entradas#1BI-2_9T7-Q0 Cerrado##1";}:IEXV_SPS_BO;
 00305:  
 00306:       (* 0015 - F06_F004.Application.FG1_UserDef.FB1_Universal.SPS1 *)
 00307:       EXV_SPS_0015   {COMMENT := "F06_F004.Application.FG1_UserDef.FB1_Universal.SPS1";DESC := "0##Application#Usuario#Entradas#1BI-3_Opero 86T##1";}:IEXV_SPS_BO;
 00308:  
 00309:       (* 0016 - F06_F004.Application.FG1_UserDef.FB1_Universal.SPS3 *)
 00310:       EXV_SPS_0016   {COMMENT := "F06_F004.Application.FG1_UserDef.FB1_Universal.SPS3";DESC := "0##Application#Usuario#Entradas#1BI-5_MCB operado 13.8kV -F205##1";}:IEXV_SPS_BO;
 00311:  
 00312:       (* 0017 - F06_F004.Application.FG1_UserDef.FB1_Universal.SPS4 *)
 00313:       EXV_SPS_0017   {COMMENT := "F06_F004.Application.FG1_UserDef.FB1_Universal.SPS4";DESC := "0##Application#Usuario#Entradas#1BI-6_9L3-Q0 abierto##1";}:IEXV_SPS_BO;
 00314:  
 00315:       (* 0018 - F06_F004.Application.FG1_UserDef.FB1_Universal.SPS5 *)
 00316:       EXV_SPS_0018   {COMMENT := "F06_F004.Application.FG1_UserDef.FB1_Universal.SPS5";DESC := "0##Application#Usuario#Entradas#1BI-7_9L4-Q0 abierto##1";}:IEXV_SPS_BO;
 00317:  
 00318:       (* 0019 - F06_F004.Application.FG1_UserDef.FB1_Universal.SPS6 *)
 00319:       EXV_SPS_0019   {COMMENT := "F06_F004.Application.FG1_UserDef.FB1_Universal.SPS6";DESC := "0##Application#Usuario#Entradas#1BI-8_MCB operado 69kV -F209##1";}:IEXV_SPS_BO;
 00320:  
 00321:       (* 0020 - F06_F004.Application.FG1_UserDef.FB1_Universal.SPS7 *)
 00322:       EXV_SPS_0020   {COMMENT := "F06_F004.Application.FG1_UserDef.FB1_Universal.SPS7";DESC := "0##Application#Usuario#Entradas#2BI-3_MCB operado 13.8kV patio##1";}:IEXV_SPS_BO;
 00323:  
 00324:       (* 0021 - F06_F004.Application.FG1_UserDef.FB2_Universal.OpCls0 *)
 00325:       EXV_SPS_0021   {COMMENT := "F06_F004.Application.FG1_UserDef.FB2_Universal.OpCls0";DESC := "0##Application#Usuario#GGIO1#Cierre Manual##1";}:IEXV_SPS_BO;
 00326:  
 00327:       (* 0022 - F06_F004.Application.FG1_Breaker_3pol.FB1_CILO.EnaCls *)
 00328:       EXV_SPS_0022   {COMMENT := "F06_F004.Application.FG1_Breaker_3pol.FB1_CILO.EnaCls";DESC := "0##Application#Interruptor LV#Interlocking#>Enable closing##1";}:OEXV_BO_SPS;
 00329:  
 00330:       (* 0023 - F06_F004.Application.FG_BinaryIO.BinaryOutputs.FB4_BinaryOutput.InVal *)
 00331:       EXV_SPS_0023   {COMMENT := "F06_F004.Application.FG_BinaryIO.BinaryOutputs.FB4_BinaryOutput.InVal";DESC := "0##Application#Binary IO#Binary outputs#Binary output4#Value##1";}:OEXV_BO_SPS;
 00332:  
 00333:       (* 0024 - F06_F004.Application.FG_BinaryIO.BinaryOutputs.FB8_BinaryOutput.InVal *)
 00334:       EXV_SPS_0024   {COMMENT := "F06_F004.Application.FG_BinaryIO.BinaryOutputs.FB8_BinaryOutput.InVal";DESC := "0##Application#Binary IO#Binary outputs#Binary output8#Value##1";}:OEXV_BO_SPS;
 00335:  
 00336:       (* 0025 - F06_F004.Application.FG1_Breaker_3pol.FB1_ResetRoutings.SPS *)
 00337:       EXV_SPS_0025   {COMMENT := "F06_F004.Application.FG1_Breaker_3pol.FB1_ResetRoutings.SPS";DESC := "0##Application#Interruptor LV#Reset LED Group#MCB PT 13.8kV patio##1";}:OEXV_BO_SPS;
 00338:  
 00339:       (* 0026 - F06_F004.Application.FG1_Breaker_3pol.FB1_ResetRoutings.SPS1 *)
 00340:       EXV_SPS_0026   {COMMENT := "F06_F004.Application.FG1_Breaker_3pol.FB1_ResetRoutings.SPS1";DESC := "0##Application#Interruptor LV#Reset LED Group#MCB PT 13.8kV PCyM##1";}:OEXV_BO_SPS;
 00341:  END_VAR
 00342:  
 00343:       EXV_SPS_0014        (LNK := 14);
                                CHART_54bc3a75_2cd3_401a_9f40_bee50fa2d408:
000002C6  182A0E0058000000          MOVE.W    #14,88(DP)
000002CE  04B10000000058000000      VCALL     IEXV_SPS_BO,#88
 00344:  
 00345:       EXV_SPS_0015        (LNK := 15);
000002D8  182A0F0062000000          MOVE.W    #15,98(DP)
000002E0  04B10000000062000000      VCALL     IEXV_SPS_BO,#98
 00346:  
 00347:       EXV_SPS_0016        (LNK := 16);
000002EA  182A10006C000000          MOVE.W    #16,108(DP)
000002F2  04B1000000006C000000      VCALL     IEXV_SPS_BO,#108
 00348:  
 00349:       EXV_SPS_0017        (LNK := 17);
000002FC  182A110076000000          MOVE.W    #17,118(DP)
00000304  04B10000000076000000      VCALL     IEXV_SPS_BO,#118
 00350:  
ST-Compiler Version 4.52.01    Thu Aug 08 23:04:46 2024    Page 9
File: 'D:\Work\Guatemala\2024\POC_HINCAPIE\Project\SIEMENS\DIGSI\S012+R06_EN_CURSO\TMP\CFC\7344242.142931\STComp.st'

 00351:       EXV_SPS_0018        (LNK := 18);
0000030E  182A120080000000          MOVE.W    #18,128(DP)
00000316  04B10000000080000000      VCALL     IEXV_SPS_BO,#128
 00352:  
 00353:       EXV_SPS_0019        (LNK := 19);
00000320  182A13008A000000          MOVE.W    #19,138(DP)
00000328  04B1000000008A000000      VCALL     IEXV_SPS_BO,#138
 00354:  
 00355:       EXV_SPS_0020        (LNK := 20);
00000332  182A140094000000          MOVE.W    #20,148(DP)
0000033A  04B10000000094000000      VCALL     IEXV_SPS_BO,#148
 00356:  
 00357:       EXV_SPS_0021        (LNK := 21);
00000344  182A15009E000000          MOVE.W    #21,158(DP)
0000034C  04B1000000009E000000      VCALL     IEXV_SPS_BO,#158
 00358:  
 00359:       AND10_1             (X1 := 1,
00000356  182A010000000000          MOVE.W    #1,0(DP)
 00360:                            X2 := NOT EXV_SPS_0015.VAL(* POSITION := -1*-1: SIZE := 29* -1:   *) ,
0000035E  0E0264000000              LD.W      100(DP)
00000364  4805                      NOT.W     AC
00000366  3FA50100                  AND.W     AC,#1
0000036A  130202000000              ST.W      2(DP)
 00361:                            X3 := EXV_SPS_0016.VAL(* POSITION := -1*-1: SIZE := 37* -1:   *) ,
00000370  18226E00000004000000      MOVE.W    110(DP),4(DP)
 00362:                            X4 := EXV_SPS_0017.VAL(* POSITION := -1*-1: SIZE := 32* -1:   *) ,
0000037A  18227800000006000000      MOVE.W    120(DP),6(DP)
 00363:                            X5 := EXV_SPS_0018.VAL(* POSITION := -1*-1: SIZE := 32* -1:   *) ,
00000384  18228200000008000000      MOVE.W    130(DP),8(DP)
 00364:                            X6 := EXV_SPS_0019.VAL(* POSITION := -1*-1: SIZE := 36* -1:   *) ,
0000038E  18228C0000000A000000      MOVE.W    140(DP),10(DP)
 00365:                            X7 := EXV_SPS_0020.VAL(* POSITION := -1*-1: SIZE := 37* -1:   *) ,
00000398  1822960000000C000000      MOVE.W    150(DP),12(DP)
 00366:                            X8 := 1,
000003A2  182A01000E000000          MOVE.W    #1,14(DP)
 00367:                            X9 := 1,
000003AA  182A010010000000          MOVE.W    #1,16(DP)
 00368:                            X10 := 1);
000003B2  182A010012000000          MOVE.W    #1,18(DP)
000003BA  04B11400000000000000      VCALL     AND10,#0
 00369:  
 00370:  
 00371:       AND10_2             (X1 := NOT EXV_SPS_0014.VAL(* POSITION := -1*-1: SIZE := 32* -1:   *) ,
000003C4  0E025A000000              LD.W      90(DP)
000003CA  4805                      NOT.W     AC
000003CC  3FA50100                  AND.W     AC,#1
000003D0  130216000000              ST.W      22(DP)
 00372:                            X2 := NOT EXV_SPS_0015.VAL(* POSITION := -1*-1: SIZE := 29* -1:   *) ,
000003D6  0E0264000000              LD.W      100(DP)
000003DC  4805                      NOT.W     AC
000003DE  3FA50100                  AND.W     AC,#1
000003E2  130218000000              ST.W      24(DP)
 00373:                            X3 := EXV_SPS_0016.VAL(* POSITION := -1*-1: SIZE := 37* -1:   *) ,
000003E8  18226E0000001A000000      MOVE.W    110(DP),26(DP)
 00374:                            X4 := EXV_SPS_0017.VAL(* POSITION := -1*-1: SIZE := 32* -1:   *) ,
000003F2  1822780000001C000000      MOVE.W    120(DP),28(DP)
 00375:                            X5 := EXV_SPS_0018.VAL(* POSITION := -1*-1: SIZE := 32* -1:   *) ,
000003FC  1822820000001E000000      MOVE.W    130(DP),30(DP)
ST-Compiler Version 4.52.01    Thu Aug 08 23:04:46 2024    Page 10
File: 'D:\Work\Guatemala\2024\POC_HINCAPIE\Project\SIEMENS\DIGSI\S012+R06_EN_CURSO\TMP\CFC\7344242.142931\STComp.st'

 00376:                            X6 := EXV_SPS_0019.VAL(* POSITION := -1*-1: SIZE := 36* -1:   *) ,
00000406  18228C00000020000000      MOVE.W    140(DP),32(DP)
 00377:                            X7 := EXV_SPS_0020.VAL(* POSITION := -1*-1: SIZE := 37* -1:   *) ,
00000410  18229600000022000000      MOVE.W    150(DP),34(DP)
 00378:                            X8 := 1,
0000041A  182A010024000000          MOVE.W    #1,36(DP)
 00379:                            X9 := EXV_SPS_0021.VAL(* POSITION := -1*-1: SIZE := 27* -1:   *) ,
00000422  1822A000000026000000      MOVE.W    160(DP),38(DP)
 00380:                            X10 := 1);
0000042C  182A010028000000          MOVE.W    #1,40(DP)
00000434  04B11400000016000000      VCALL     AND10,#22
 00381:  
 00382:       AND10_3             (X1 := NOT EXV_SPS_0020.VAL(* POSITION := -1*-1: SIZE := 37* -1:   *) ,
0000043E  0E0296000000              LD.W      150(DP)
00000444  4805                      NOT.W     AC
00000446  3FA50100                  AND.W     AC,#1
0000044A  13022C000000              ST.W      44(DP)
 00383:                            X2 := 1,
00000450  182A01002E000000          MOVE.W    #1,46(DP)
 00384:                            X3 := 1,
00000458  182A010030000000          MOVE.W    #1,48(DP)
 00385:                            X4 := 1,
00000460  182A010032000000          MOVE.W    #1,50(DP)
 00386:                            X5 := 1,
00000468  182A010034000000          MOVE.W    #1,52(DP)
 00387:                            X6 := 1,
00000470  182A010036000000          MOVE.W    #1,54(DP)
 00388:                            X7 := 1,
00000478  182A010038000000          MOVE.W    #1,56(DP)
 00389:                            X8 := 1,
00000480  182A01003A000000          MOVE.W    #1,58(DP)
 00390:                            X9 := 1,
00000488  182A01003C000000          MOVE.W    #1,60(DP)
 00391:                            X10 := 1);
00000490  182A01003E000000          MOVE.W    #1,62(DP)
00000498  04B1140000002C000000      VCALL     AND10,#44
 00392:  
 00393:       AND10_4             (X1 := NOT EXV_SPS_0016.VAL(* POSITION := -1*-1: SIZE := 37* -1:   *) ,
000004A2  0E026E000000              LD.W      110(DP)
000004A8  4805                      NOT.W     AC
000004AA  3FA50100                  AND.W     AC,#1
000004AE  130242000000              ST.W      66(DP)
 00394:                            X2 := 1,
000004B4  182A010044000000          MOVE.W    #1,68(DP)
 00395:                            X3 := 1,
000004BC  182A010046000000          MOVE.W    #1,70(DP)
 00396:                            X4 := 1,
000004C4  182A010048000000          MOVE.W    #1,72(DP)
 00397:                            X5 := 1,
000004CC  182A01004A000000          MOVE.W    #1,74(DP)
 00398:                            X6 := 1,
000004D4  182A01004C000000          MOVE.W    #1,76(DP)
 00399:                            X7 := 1,
000004DC  182A01004E000000          MOVE.W    #1,78(DP)
 00400:                            X8 := 1,
000004E4  182A010050000000          MOVE.W    #1,80(DP)
 00401:                            X9 := 1,
000004EC  182A010052000000          MOVE.W    #1,82(DP)
ST-Compiler Version 4.52.01    Thu Aug 08 23:04:46 2024    Page 11
File: 'D:\Work\Guatemala\2024\POC_HINCAPIE\Project\SIEMENS\DIGSI\S012+R06_EN_CURSO\TMP\CFC\7344242.142931\STComp.st'

 00402:                            X10 := 1);
000004F4  182A010054000000          MOVE.W    #1,84(DP)
000004FC  04B11400000042000000      VCALL     AND10,#66
 00403:  
 00404:       EXV_SPS_0022        (LNK := 22,
00000506  182A1600A8000000          MOVE.W    #22,168(DP)
 00405:                            VAL := AND10_1.Y(* POSITION := -1*-1: SIZE := 35* -1:   *) );
0000050E  182214000000AA000000      MOVE.W    20(DP),170(DP)
00000518  04B10A000000A8000000      VCALL     OEXV_BO_SPS,#168
 00406:       EXV_SPS_0023        (LNK := 23,
00000522  182A1700B2000000          MOVE.W    #23,178(DP)
 00407:                            VAL := AND10_2.Y(* POSITION := -1*-1: SIZE := 38* -1:   *) );
0000052A  18222A000000B4000000      MOVE.W    42(DP),180(DP)
00000534  04B10A000000B2000000      VCALL     OEXV_BO_SPS,#178
 00408:       EXV_SPS_0024        (LNK := 24,
0000053E  182A1800BC000000          MOVE.W    #24,188(DP)
 00409:                            VAL := AND10_1.Y(* POSITION := -1*-1: SIZE := 38* -1:   *) );
00000546  182214000000BE000000      MOVE.W    20(DP),190(DP)
00000550  04B10A000000BC000000      VCALL     OEXV_BO_SPS,#188
 00410:       EXV_SPS_0025        (LNK := 25,
0000055A  182A1900C6000000          MOVE.W    #25,198(DP)
 00411:                            VAL := AND10_3.Y(* POSITION := -1*-1: SIZE := 38* -1:   *) );
00000562  182240000000C8000000      MOVE.W    64(DP),200(DP)
0000056C  04B10A000000C6000000      VCALL     OEXV_BO_SPS,#198
 00412:       EXV_SPS_0026        (LNK := 26,
00000576  182A1A00D0000000          MOVE.W    #26,208(DP)
 00413:                            VAL := AND10_4.Y(* POSITION := -1*-1: SIZE := 38* -1:   *) );
0000057E  182256000000D2000000      MOVE.W    86(DP),210(DP)
00000588  04B10A000000D0000000      VCALL     OEXV_BO_SPS,#208
 00414:  
 00415:  
 00416:  END_PROGRAM
00000592  010A0000                  RETB      #0
 00417:  
 00418:  CONFIGURATION  PLC_CONTROL 
 00419:     RESOURCE PLANS { COMMENT := "Txt100_100";} ON CPU32
 00420:       TASK EVENT_SLOW     { TICKS := 1300;}(PRIORITY := INTERNAL);
 00421:       TASK EVENT_FAST     { TICKS := 255;}(PRIORITY := INTERNAL);
 00422:       TASK MEASUREMENT    { TICKS := 2536;}(PRIORITY := INTERNAL);
 00423:       TASK INTERLOCKING   { TICKS := 2173;}(PRIORITY := INTERNAL);
 00424:  
 00425:       PROGRAM FBI001 WITH EVENT_SLOW:  CHART_c0a54037_4128_461a_9ad2_95c18c47a68d;
 00426:       PROGRAM FBI002 WITH EVENT_SLOW:  CHART_54bc3a75_2cd3_401a_9f40_bee50fa2d408;
 00427:  
 00428:     END_RESOURCE
 00429:  
 00430:   END_CONFIGURATION                                    .END
     