ST-Compiler Version 4.52.01    Mon May 27 16:18:49 2024    Page 1
Command line:'D:\Work\Guatemala\2024\POC_HINCAPIE\Project\SIEMENS\DIGSI\S012+R06\TMP\CFC\7344242.2060\STComp.st'


                                    .SEG      CODE
 00001:  
 00002:                                                    (* ---------- Structure : SSPS ----------  *)
 00003:  TYPE SSPS:
 00004:  STRUCT
 00005:          SP   :  BOOL;
 00006:           Q   :  WORD;
 00007:  END_STRUCT;
 00008:  END_TYPE
 00009:  
 00010:  
 00011:                                                    (* ---------- EV Function Block : IEXV_SPS_BO ----------  *)
 00012:  
 00013:  FUNCTION_BLOCK IEXV_SPS_BO
 00014:  VAR_INPUT
 00015:          LNK :UINT := 0;
 00016:  END_VAR
 00017:  VAR_OUTPUT
 00018:          VAL :BOOL;
 00019:  END_VAR
 00020:  VAR
 00021:          INI :BOOL := 0;
 00022:          LNKPTR :DINT := 0;
 00023:  END_VAR
 00024:          GATE SPbo
                                IEXV_SPS_BO:

                                    .SEG      CODE
00000000  0301????????              CALL      SPbo
 00025:  END_FUNCTION_BLOCK
00000006  010A0000                  RETB      #0
 00026:  
 00027:  
 00028:  
 00029:                                                    (* ---------- EV Function Block : OEXV_BO_SPS ----------  *)
 00030:  
 00031:  FUNCTION_BLOCK OEXV_BO_SPS
 00032:  VAR_INPUT
 00033:          LNK :UINT := 0;
 00034:          VAL :BOOL := 0;
 00035:  END_VAR
 00036:  VAR
 00037:          INI :BOOL := 0;
 00038:          LNKPTR :DINT := 0;
 00039:  END_VAR
 00040:          GATE boSP
                                OEXV_BO_SPS:
0000000A  0301????????              CALL      boSP
 00041:  END_FUNCTION_BLOCK
00000010  010A0000                  RETB      #0
 00042:  
 00043:  
ST-Compiler Version 4.52.01    Mon May 27 16:18:49 2024    Page 2
File: 'D:\Work\Guatemala\2024\POC_HINCAPIE\Project\SIEMENS\DIGSI\S012+R06\TMP\CFC\7344242.2060\STComp.st'

 00044:  
 00045:                                                    (* ---------- Function Block : OR10 ----------  *)
 00046:  
 00047:  FUNCTION_BLOCK OR10
 00048:  {
 00049:       TICKS           := 2;
 00050:       GENERIC         := NO;
 00051:       BLOCKVIEW       := BIG;
 00052:       SYSTIMER        := 0;
 00053:       FF_MEMO_MEM     := 0;
 00054:       HELPID          := 10268;
 00055:       COMMENT         := 'OR';
 00056:       NESTED          := NO;
 00057:  }
 00058:  VAR_INPUT
 00059:          X1 { TICKS := 0; VISIBLE := YES;}:BOOL := 0;
 00060:          X2 { TICKS := 0; VISIBLE := YES;}:BOOL := 0;
 00061:          X3 { TICKS := 0; VISIBLE := NO;}:BOOL := 0;
 00062:          X4 { TICKS := 0; VISIBLE := NO;}:BOOL := 0;
 00063:          X5 { TICKS := 0; VISIBLE := NO;}:BOOL := 0;
 00064:          X6 { TICKS := 0; VISIBLE := NO;}:BOOL := 0;
 00065:          X7 { TICKS := 0; VISIBLE := NO;}:BOOL := 0;
 00066:          X8 { TICKS := 0; VISIBLE := NO;}:BOOL := 0;
 00067:          X9 { TICKS := 0; VISIBLE := NO;}:BOOL := 0;
 00068:          X10 { TICKS := 0; VISIBLE := NO;}:BOOL := 0;
 00069:  END_VAR
 00070:  VAR_OUTPUT
 00071:          Y { TICKS := 0; VISIBLE := YES;}:BOOL := 0;
 00072:  END_VAR
 00073:  Y:= X1 OR X2 OR X3 OR X4 OR X5 OR X6 OR X7 OR X8 OR X9 OR X10;
                                OR10:
00000014  0E0200000000              LD.W      0(DP)
0000001A  422502000000              OR.W      AC,2(DP)
00000020  422504000000              OR.W      AC,4(DP)
00000026  422506000000              OR.W      AC,6(DP)
0000002C  422508000000              OR.W      AC,8(DP)
00000032  42250A000000              OR.W      AC,10(DP)
00000038  42250C000000              OR.W      AC,12(DP)
0000003E  42250E000000              OR.W      AC,14(DP)
00000044  422510000000              OR.W      AC,16(DP)
0000004A  422512000000              OR.W      AC,18(DP)
00000050  130214000000              ST.W      20(DP)
 00074:  END_FUNCTION_BLOCK
00000056  010A0000                  RETB      #0
 00075:  
 00076:  
 00077:  
 00078:                                                    (* ---------- Function Block : AND10 ----------  *)
 00079:  
 00080:  FUNCTION_BLOCK AND10
 00081:  {
 00082:       TICKS           := 2;
 00083:       GENERIC         := NO;
 00084:       BLOCKVIEW       := BIG;
 00085:       SYSTIMER        := 0;
 00086:       FF_MEMO_MEM     := 0;
 00087:       HELPID          := 10264;
 00088:       COMMENT         := 'AND';
ST-Compiler Version 4.52.01    Mon May 27 16:18:49 2024    Page 3
File: 'D:\Work\Guatemala\2024\POC_HINCAPIE\Project\SIEMENS\DIGSI\S012+R06\TMP\CFC\7344242.2060\STComp.st'

 00089:       NESTED          := NO;
 00090:  }
 00091:  VAR_INPUT
 00092:          X1 { TICKS := 0; VISIBLE := YES;}:BOOL := 0;
 00093:          X2 { TICKS := 0; VISIBLE := YES;}:BOOL := 0;
 00094:          X3 { TICKS := 0; VISIBLE := NO;}:BOOL := 1;
 00095:          X4 { TICKS := 0; VISIBLE := NO;}:BOOL := 1;
 00096:          X5 { TICKS := 0; VISIBLE := NO;}:BOOL := 1;
 00097:          X6 { TICKS := 0; VISIBLE := NO;}:BOOL := 1;
 00098:          X7 { TICKS := 0; VISIBLE := NO;}:BOOL := 1;
 00099:          X8 { TICKS := 0; VISIBLE := NO;}:BOOL := 1;
 00100:          X9 { TICKS := 0; VISIBLE := NO;}:BOOL := 1;
 00101:          X10 { TICKS := 0; VISIBLE := NO;}:BOOL := 1;
 00102:  END_VAR
 00103:  VAR_OUTPUT
 00104:          Y { TICKS := 0; VISIBLE := YES;}:BOOL := 0;
 00105:  END_VAR
 00106:  Y:= X1 AND X2 AND X3 AND X4 AND X5 AND X6 AND X7 AND X8 AND X9 AND X10;
                                AND10:
0000005A  0E0200000000              LD.W      0(DP)
00000060  3F2502000000              AND.W     AC,2(DP)
00000066  3F2504000000              AND.W     AC,4(DP)
0000006C  3F2506000000              AND.W     AC,6(DP)
00000072  3F2508000000              AND.W     AC,8(DP)
00000078  3F250A000000              AND.W     AC,10(DP)
0000007E  3F250C000000              AND.W     AC,12(DP)
00000084  3F250E000000              AND.W     AC,14(DP)
0000008A  3F2510000000              AND.W     AC,16(DP)
00000090  3F2512000000              AND.W     AC,18(DP)
00000096  130214000000              ST.W      20(DP)
 00107:  END_FUNCTION_BLOCK
0000009C  010A0000                  RETB      #0
 00108:  
 00109:  
 00110:  
 00111:                                                    (* ---------- Function Block : TLONG ----------  *)
 00112:  
 00113:  FUNCTION_BLOCK TLONG
 00114:  {
 00115:       TICKS           := 2;
 00116:       GENERIC         := NO;
 00117:       BLOCKVIEW       := BIG;
 00118:       SYSTIMER        := 1;
 00119:       FF_MEMO_MEM     := 0;
 00120:       HELPID          := 10294;
 00121:       COMMENT         := 'TLONG';
 00122:       NESTED          := NO;
 00123:  }
 00124:  VAR_INPUT
 00125:          START { TICKS := 0; VISIBLE := YES;}:BOOL := 0;
 00126:          RESET { TICKS := 0; VISIBLE := YES;}:BOOL := 0;
 00127:          HOUR { TICKS := 0; VISIBLE := YES;}:UINT := 0;
 00128:          MIN { TICKS := 0; VISIBLE := YES;}:UINT := 0;
 00129:          MS100 { TICKS := 0; VISIBLE := YES;}:UINT := 10;
 00130:  END_VAR
 00131:  VAR_OUTPUT
 00132:          Q { TICKS := 0; VISIBLE := YES;}:BOOL := 0;
 00133:          QT { TICKS := 0; VISIBLE := YES;}:BOOL := 0;
ST-Compiler Version 4.52.01    Mon May 27 16:18:49 2024    Page 4
File: 'D:\Work\Guatemala\2024\POC_HINCAPIE\Project\SIEMENS\DIGSI\S012+R06\TMP\CFC\7344242.2060\STComp.st'

 00134:  END_VAR
 00135:  VAR
 00136:       INI : BOOL  :=  0;
 00137:       TID : DINT  :=  0;
 00138:       HLEFT : UINT  :=  0;
 00139:       OLD : BOOL  :=  0;
 00140:       TRES : BOOL  :=  0;
 00141:  END_VAR
 00142:       GATE TLNG
                                TLONG:
000000A0  0301????????              CALL      TLNG
 00143:  END_FUNCTION_BLOCK
000000A6  010A0000                  RETB      #0
 00144:  
 00145:  
 00146:  
 00147:  
 00148:  
 00149:                                                    (* ---------- Program : CHART_Group_warning ----------  *)
 00150:  
 00151:  PROGRAM CHART_Group_warning
 00152:  {COMMENT := "Group warning";DESC := "";}
 00153:  (* ChartLayout;PageSize := A4,Rows := 3,Columns := 2,MarginMode := WithoutMargins,MarginSize := 24,MarginLines := 1 *)
 00154:  (* PartitionInfo;Id := 1,Name := Partition_1,Comment :=  *)
 00155:  VAR
 00156:  
 00157:  
 00158:  
 00159:       (* IO_IOVISIBILITY;OR10_1;X7:X8:X9:X10: *)
 00160:                 
 00161:       (* PartitionInfo;PartitionID OR10_1;1  *)
 00162:  OR10_1          { COMMENT := 'or10_1'; POSITION := 56,9; SIZE := 12, 12; } :OR10;         
 00163:  
 00164:  
 00165:       (* IO_IOVISIBILITY;OR10_2;X5:X6:X7:X8:X9:X10: *)
 00166:                 
 00167:       (* PartitionInfo;PartitionID OR10_2;1  *)
 00168:  OR10_2          { COMMENT := 'or10_2'; POSITION := 56,25; SIZE := 12, 12; } :OR10;         
 00169:  
 00170:  
 00171:       (* IO_IOVISIBILITY;OR10_3;X3:X4:X5:X6:X7:X8:X9:X10: *)
 00172:                 
 00173:       (* PartitionInfo;PartitionID OR10_3;1  *)
 00174:  OR10_3          { COMMENT := 'or10_4'; POSITION := 56,38; SIZE := 12, 12; } :OR10;         
 00175:  
 00176:  
 00177:       (* IO_IOVISIBILITY;OR10_4;X4:X5:X6:X7:X8:X9:X10: *)
 00178:                 
 00179:       (* PartitionInfo;PartitionID OR10_4;1  *)
 00180:  OR10_4          { COMMENT := 'or10_3'; POSITION := 84,16; SIZE := 12, 12; } :OR10;         
 00181:  
 00182:       (* 0004 - SIP.Application.FG_PowerSystem.FN1_MUCurrent_3ph.FB1_SBWS_BW_Tr.BWsus *)
 00183:       EXV_SPS_0004   {COMMENT := "SIP.Application.FG_PowerSystem.FN1_MUCurrent_3ph.FB1_SBWS_BW_Tr.BWsus";DESC := "0##Application#Power system#Meas.point I-3ph 1#Brk.wire det.#Broken wire suspected##1";}:IEXV_SPS_BO;
 00184:  
 00185:       (* 0005 - SIP.Application.FG_PowerSystem.FN1_MUCurrent_3ph.FB1_SBWS_BW_Tr.BrokenWire *)
 00186:       EXV_SPS_0005   {COMMENT := "SIP.Application.FG_PowerSystem.FN1_MUCurrent_3ph.FB1_SBWS_BW_Tr.BrokenWire";DESC := "0##Application#Power system#Meas.point I-3ph 1#Brk.wire det.#Broken wire confirmed##1";}:IEXV_SPS_BO;
 00187:  
 00188:       (* 0006 - SIP.Application.FG_PowerSystem.FN1_MUCurrent_3ph.FB1_CurBalSV.Failure *)
ST-Compiler Version 4.52.01    Mon May 27 16:18:49 2024    Page 5
File: 'D:\Work\Guatemala\2024\POC_HINCAPIE\Project\SIEMENS\DIGSI\S012+R06\TMP\CFC\7344242.2060\STComp.st'

 00189:       EXV_SPS_0006   {COMMENT := "SIP.Application.FG_PowerSystem.FN1_MUCurrent_3ph.FB1_CurBalSV.Failure";DESC := "0##Application#Power system#Meas.point I-3ph 1#Supv. balan. I#Failure##1";}:IEXV_SPS_BO;
 00190:  
 00191:       (* 0007 - SIP.Application.FG_PowerSystem.FN1_MUCurrent_3ph.FB1_CurPhSeqSV.Failure *)
 00192:       EXV_SPS_0007   {COMMENT := "SIP.Application.FG_PowerSystem.FN1_MUCurrent_3ph.FB1_CurPhSeqSV.Failure";DESC := "0##Application#Power system#Meas.point I-3ph 1#Supv. ph.seq.I#Failure##1";}:IEXV_SPS_BO;
 00193:  
 00194:       (* 0008 - SIP.Application.FG_PowerSystem.FN1_MUCurrent_3ph.FB1_SlowCurSumSV.Failure *)
 00195:       EXV_SPS_0008   {COMMENT := "SIP.Application.FG_PowerSystem.FN1_MUCurrent_3ph.FB1_SlowCurSumSV.Failure";DESC := "0##Application#Power system#Meas.point I-3ph 1#Supv. sum I#Failure##1";}:IEXV_SPS_BO;
 00196:  
 00197:       (* 0009 - SIP.Application.FG_PowerSystem.FN1_MUCurrent_3ph.FB1_FastCurSumSV.Failure *)
 00198:       EXV_SPS_0009   {COMMENT := "SIP.Application.FG_PowerSystem.FN1_MUCurrent_3ph.FB1_FastCurSumSV.Failure";DESC := "0##Application#Power system#Meas.point I-3ph 1#Supv.ADC sum I#Failure##1";}:IEXV_SPS_BO;
 00199:  
 00200:       (* 0010 - SIP.Application.FG_PowerSystem.FN1_MUVoltage_3ph.FB1_VolBalSV.Failure *)
 00201:       EXV_SPS_0010   {COMMENT := "SIP.Application.FG_PowerSystem.FN1_MUVoltage_3ph.FB1_VolBalSV.Failure";DESC := "0##Application#Power system#Meas.point V-3ph 1#Supv. balan. V#Failure##1";}:IEXV_SPS_BO;
 00202:  
 00203:       (* 0011 - SIP.Application.FG_PowerSystem.FN1_MUVoltage_3ph.FB1_VolPhSeqSV.Failure *)
 00204:       EXV_SPS_0011   {COMMENT := "SIP.Application.FG_PowerSystem.FN1_MUVoltage_3ph.FB1_VolPhSeqSV.Failure";DESC := "0##Application#Power system#Meas.point V-3ph 1#Supv. ph.seq.V#Failure##1";}:IEXV_SPS_BO;
 00205:  
 00206:       (* 0012 - SIP.Application.FG_PowerSystem.FN1_MUVoltage_3ph.FB1_VolSumSV.Failure *)
 00207:       EXV_SPS_0012   {COMMENT := "SIP.Application.FG_PowerSystem.FN1_MUVoltage_3ph.FB1_VolSumSV.Failure";DESC := "0##Application#Power system#Meas.point V-3ph 1#Supv. sum V#Failure##1";}:IEXV_SPS_BO;
 00208:  
 00209:       (* 0013 - SIP.Application.FG_PowerSystem.FN1_MUVoltage_3ph.FB1_SMCB.VTmcb *)
 00210:       EXV_SPS_0013   {COMMENT := "SIP.Application.FG_PowerSystem.FN1_MUVoltage_3ph.FB1_SMCB.VTmcb";DESC := "0##Application#Power system#Meas.point V-3ph 1#VT miniatureCB#>Open##1";}:IEXV_SPS_BO;
 00211:  
 00212:       (* 0014 - SIP.Application.CALH_Application.GrWrnIn *)
 00213:       EXV_SPS_0014   {COMMENT := "SIP.Application.CALH_Application.GrWrnIn";DESC := "0##Application#Alarm handling#>Group Warning##1";}:OEXV_BO_SPS;
 00214:  
 00215:       (* 0015 - SIP.Application.LLN0_Application.HealthDev.Health_Alarm *)
 00216:       EXV_SPS_0015   {COMMENT := "SIP.Application.LLN0_Application.HealthDev.Health_Alarm";DESC := "0##Application#General#Health#alarm##1";}:IEXV_SPS_BO;
 00217:  
 00218:       (* 0016 - SIP.Application.LLN0_Application.HealthDev.Health_Warning *)
 00219:       EXV_SPS_0016   {COMMENT := "SIP.Application.LLN0_Application.HealthDev.Health_Warning";DESC := "0##Application#General#Health#warning##1";}:IEXV_SPS_BO;
 00220:  END_VAR
 00221:  
 00222:       EXV_SPS_0004        (LNK := 4);
                                CHART_Group_warning:
000000AA  182A040058000000          MOVE.W    #4,88(DP)
000000B2  04B10000000058000000      VCALL     IEXV_SPS_BO,#88
 00223:  
 00224:       EXV_SPS_0005        (LNK := 5);
000000BC  182A050062000000          MOVE.W    #5,98(DP)
000000C4  04B10000000062000000      VCALL     IEXV_SPS_BO,#98
 00225:  
 00226:       EXV_SPS_0006        (LNK := 6);
000000CE  182A06006C000000          MOVE.W    #6,108(DP)
000000D6  04B1000000006C000000      VCALL     IEXV_SPS_BO,#108
 00227:  
 00228:       EXV_SPS_0007        (LNK := 7);
000000E0  182A070076000000          MOVE.W    #7,118(DP)
000000E8  04B10000000076000000      VCALL     IEXV_SPS_BO,#118
 00229:  
 00230:       EXV_SPS_0008        (LNK := 8);
000000F2  182A080080000000          MOVE.W    #8,128(DP)
000000FA  04B10000000080000000      VCALL     IEXV_SPS_BO,#128
 00231:  
 00232:       EXV_SPS_0009        (LNK := 9);
00000104  182A09008A000000          MOVE.W    #9,138(DP)
0000010C  04B1000000008A000000      VCALL     IEXV_SPS_BO,#138
 00233:  
ST-Compiler Version 4.52.01    Mon May 27 16:18:49 2024    Page 6
File: 'D:\Work\Guatemala\2024\POC_HINCAPIE\Project\SIEMENS\DIGSI\S012+R06\TMP\CFC\7344242.2060\STComp.st'

 00234:       EXV_SPS_0010        (LNK := 10);
00000116  182A0A0094000000          MOVE.W    #10,148(DP)
0000011E  04B10000000094000000      VCALL     IEXV_SPS_BO,#148
 00235:  
 00236:       EXV_SPS_0011        (LNK := 11);
00000128  182A0B009E000000          MOVE.W    #11,158(DP)
00000130  04B1000000009E000000      VCALL     IEXV_SPS_BO,#158
 00237:  
 00238:       EXV_SPS_0012        (LNK := 12);
0000013A  182A0C00A8000000          MOVE.W    #12,168(DP)
00000142  04B100000000A8000000      VCALL     IEXV_SPS_BO,#168
 00239:  
 00240:       EXV_SPS_0013        (LNK := 13);
0000014C  182A0D00B2000000          MOVE.W    #13,178(DP)
00000154  04B100000000B2000000      VCALL     IEXV_SPS_BO,#178
 00241:  
 00242:       EXV_SPS_0015        (LNK := 15);
0000015E  182A0F00C6000000          MOVE.W    #15,198(DP)
00000166  04B100000000C6000000      VCALL     IEXV_SPS_BO,#198
 00243:  
 00244:       EXV_SPS_0016        (LNK := 16);
00000170  182A1000D0000000          MOVE.W    #16,208(DP)
00000178  04B100000000D0000000      VCALL     IEXV_SPS_BO,#208
 00245:  
 00246:       OR10_1              (X1 := EXV_SPS_0004.VAL(* POSITION := -1*-1: SIZE := 47* -1:   *) ,
00000182  18225A00000000000000      MOVE.W    90(DP),0(DP)
 00247:                            X2 := EXV_SPS_0005.VAL(* POSITION := -1*-1: SIZE := 47* -1:   *) ,
0000018C  18226400000002000000      MOVE.W    100(DP),2(DP)
 00248:                            X3 := EXV_SPS_0006.VAL(* POSITION := -1*-1: SIZE := 40* -1:   *) ,
00000196  18226E00000004000000      MOVE.W    110(DP),4(DP)
 00249:                            X4 := EXV_SPS_0007.VAL(* POSITION := -1*-1: SIZE := 40* -1:   *) ,
000001A0  18227800000006000000      MOVE.W    120(DP),6(DP)
 00250:                            X5 := EXV_SPS_0008.VAL(* POSITION := -1*-1: SIZE := 39* -1:   *) ,
000001AA  18228200000008000000      MOVE.W    130(DP),8(DP)
 00251:                            X6 := EXV_SPS_0009.VAL(* POSITION := -1*-1: SIZE := 40* -1:   *) ,
000001B4  18228C0000000A000000      MOVE.W    140(DP),10(DP)
 00252:                            X7 := 0,
000001BE  182A00000C000000          MOVE.W    #0,12(DP)
 00253:                            X8 := 0,
000001C6  182A00000E000000          MOVE.W    #0,14(DP)
 00254:                            X9 := 0,
000001CE  182A000010000000          MOVE.W    #0,16(DP)
 00255:                            X10 := 0);
000001D6  182A000012000000          MOVE.W    #0,18(DP)
000001DE  04B11400000000000000      VCALL     OR10,#0
 00256:  
 00257:       OR10_2              (X1 := EXV_SPS_0010.VAL(* POSITION := -1*-1: SIZE := 40* -1:   *) ,
000001E8  18229600000016000000      MOVE.W    150(DP),22(DP)
 00258:                            X2 := EXV_SPS_0011.VAL(* POSITION := -1*-1: SIZE := 40* -1:   *) ,
000001F2  1822A000000018000000      MOVE.W    160(DP),24(DP)
 00259:                            X3 := EXV_SPS_0012.VAL(* POSITION := -1*-1: SIZE := 39* -1:   *) ,
000001FC  1822AA0000001A000000      MOVE.W    170(DP),26(DP)
 00260:                            X4 := EXV_SPS_0013.VAL(* POSITION := -1*-1: SIZE := 39* -1:   *) ,
00000206  1822B40000001C000000      MOVE.W    180(DP),28(DP)
 00261:                            X5 := 0,
00000210  182A00001E000000          MOVE.W    #0,30(DP)
 00262:                            X6 := 0,
00000218  182A000020000000          MOVE.W    #0,32(DP)
ST-Compiler Version 4.52.01    Mon May 27 16:18:49 2024    Page 7
File: 'D:\Work\Guatemala\2024\POC_HINCAPIE\Project\SIEMENS\DIGSI\S012+R06\TMP\CFC\7344242.2060\STComp.st'

 00263:                            X7 := 0,
00000220  182A000022000000          MOVE.W    #0,34(DP)
 00264:                            X8 := 0,
00000228  182A000024000000          MOVE.W    #0,36(DP)
 00265:                            X9 := 0,
00000230  182A000026000000          MOVE.W    #0,38(DP)
 00266:                            X10 := 0);
00000238  182A000028000000          MOVE.W    #0,40(DP)
00000240  04B11400000016000000      VCALL     OR10,#22
 00267:  
 00268:       OR10_3              (X1 := EXV_SPS_0015.VAL(* POSITION := -1*-1: SIZE := 23* -1:   *) ,
0000024A  1822C80000002C000000      MOVE.W    200(DP),44(DP)
 00269:                            X2 := EXV_SPS_0016.VAL(* POSITION := -1*-1: SIZE := 24* -1:   *) ,
00000254  1822D20000002E000000      MOVE.W    210(DP),46(DP)
 00270:                            X3 := 0,
0000025E  182A000030000000          MOVE.W    #0,48(DP)
 00271:                            X4 := 0,
00000266  182A000032000000          MOVE.W    #0,50(DP)
 00272:                            X5 := 0,
0000026E  182A000034000000          MOVE.W    #0,52(DP)
 00273:                            X6 := 0,
00000276  182A000036000000          MOVE.W    #0,54(DP)
 00274:                            X7 := 0,
0000027E  182A000038000000          MOVE.W    #0,56(DP)
 00275:                            X8 := 0,
00000286  182A00003A000000          MOVE.W    #0,58(DP)
 00276:                            X9 := 0,
0000028E  182A00003C000000          MOVE.W    #0,60(DP)
 00277:                            X10 := 0);
00000296  182A00003E000000          MOVE.W    #0,62(DP)
0000029E  04B1140000002C000000      VCALL     OR10,#44
 00278:  
 00279:       OR10_4              (X1 := OR10_1.Y,
000002A8  18221400000042000000      MOVE.W    20(DP),66(DP)
 00280:                            X2 := OR10_2.Y,
000002B2  18222A00000044000000      MOVE.W    42(DP),68(DP)
 00281:                            X3 := OR10_3.Y,
000002BC  18224000000046000000      MOVE.W    64(DP),70(DP)
 00282:                            X4 := 0,
000002C6  182A000048000000          MOVE.W    #0,72(DP)
 00283:                            X5 := 0,
000002CE  182A00004A000000          MOVE.W    #0,74(DP)
 00284:                            X6 := 0,
000002D6  182A00004C000000          MOVE.W    #0,76(DP)
 00285:                            X7 := 0,
000002DE  182A00004E000000          MOVE.W    #0,78(DP)
 00286:                            X8 := 0,
000002E6  182A000050000000          MOVE.W    #0,80(DP)
 00287:                            X9 := 0,
000002EE  182A000052000000          MOVE.W    #0,82(DP)
 00288:                            X10 := 0);
000002F6  182A000054000000          MOVE.W    #0,84(DP)
000002FE  04B11400000042000000      VCALL     OR10,#66
 00289:  
 00290:       EXV_SPS_0014        (LNK := 14,
00000308  182A0E00BC000000          MOVE.W    #14,188(DP)
 00291:                            VAL := OR10_4.Y(* POSITION := -1*-1: SIZE := 28* -1:   *) );
00000310  182256000000BE000000      MOVE.W    86(DP),190(DP)
ST-Compiler Version 4.52.01    Mon May 27 16:18:49 2024    Page 8
File: 'D:\Work\Guatemala\2024\POC_HINCAPIE\Project\SIEMENS\DIGSI\S012+R06\TMP\CFC\7344242.2060\STComp.st'

0000031A  04B10A000000BC000000      VCALL     OEXV_BO_SPS,#188
 00292:  
 00293:  
 00294:  END_PROGRAM
00000324  010A0000                  RETB      #0
 00295:  
 00296:                                                    (* ---------- Program : CHART_Interlocking ----------  *)
 00297:  
 00298:  PROGRAM CHART_Interlocking
 00299:  {COMMENT := "Interlocking";DESC := "";}
 00300:  (* ChartLayout;PageSize := A4,Rows := 3,Columns := 2,MarginMode := WithoutMargins,MarginSize := 24,MarginLines := 1 *)
 00301:  (* PartitionInfo;Id := 1,Name := Partition_1,Comment :=  *)
 00302:  VAR
 00303:  
 00304:  
 00305:  
 00306:       (* IO_IOVISIBILITY;OR10_1;X2:X3:X4:X5:X6:X7:X8:X9:X10: *)
 00307:                 
 00308:       (* PartitionInfo;PartitionID OR10_1;1  *)
 00309:  OR10_1          { COMMENT := 'or10_1'; POSITION := 45,13; SIZE := 12, 12; } :OR10;         
 00310:  
 00311:  
 00312:       (* IO_IOVISIBILITY;AND10_2;X3:X4:X5:X6:X7:X8:X9:X10: *)
 00313:                 
 00314:       (* PartitionInfo;PartitionID AND10_2;1  *)
 00315:  AND10_2         { COMMENT := 'and10_1'; POSITION := 45,20; SIZE := 12, 12; } :AND10;        
 00316:  
 00317:  
 00318:       (* IO_IOVISIBILITY;AND10_3;X3:X4:X5:X6:X7:X8:X9:X10: *)
 00319:                 
 00320:       (* PartitionInfo;PartitionID AND10_3;1  *)
 00321:  AND10_3         { COMMENT := 'and10_2'; POSITION := 45,30; SIZE := 12, 12; } :AND10;        
 00322:  
 00323:  
 00324:       (* IO_IOVISIBILITY;OR10_4;X3:X4:X5:X6:X7:X8:X9:X10: *)
 00325:                 
 00326:       (* PartitionInfo;PartitionID OR10_4;1  *)
 00327:  OR10_4          { COMMENT := 'or10_2'; POSITION := 49,49; SIZE := 12, 12; } :OR10;         
 00328:  
 00329:  
 00330:       (* IO_IOVISIBILITY;OR10_5;X3:X4:X5:X6:X7:X8:X9:X10: *)
 00331:                 
 00332:       (* PartitionInfo;PartitionID OR10_5;1  *)
 00333:  OR10_5          { COMMENT := 'or10_3'; POSITION := 46,60; SIZE := 12, 12; } :OR10;         
 00334:  
 00335:  
 00336:       (* IO_IOVISIBILITY;OR10_6;X3:X4:X5:X6:X7:X8:X9:X10: *)
 00337:                 
 00338:       (* PartitionInfo;PartitionID OR10_6;1  *)
 00339:  OR10_6          { COMMENT := 'or10_4'; POSITION := 46,72; SIZE := 12, 12; } :OR10;         
 00340:  
 00341:  
 00342:       (* IO_IOVISIBILITY;AND10_7;X4:X5:X6:X7:X8:X9:X10: *)
 00343:                 
 00344:       (* PartitionInfo;PartitionID AND10_7;1  *)
 00345:  AND10_7         { COMMENT := 'and10_3'; POSITION := 68,59; SIZE := 12, 12; } :AND10;        
 00346:  
 00347:       (* 0017 - SIP.Application.FG1_Breaker_3pol.FB1_XCBR.Pos.DPC_StatusOff *)
ST-Compiler Version 4.52.01    Mon May 27 16:18:49 2024    Page 9
File: 'D:\Work\Guatemala\2024\POC_HINCAPIE\Project\SIEMENS\DIGSI\S012+R06\TMP\CFC\7344242.2060\STComp.st'

 00348:       EXV_SPS_0017   {COMMENT := "SIP.Application.FG1_Breaker_3pol.FB1_XCBR.Pos.DPC_StatusOff";DESC := "0##Application#Circuit breaker 1#Circuit break.#Position#open##1";}:IEXV_SPS_BO;
 00349:  
 00350:       (* 0018 - SIP.Application.FG1_Switch.FB1_XSWI.Pos.DPC_StatusOff *)
 00351:       EXV_SPS_0018   {COMMENT := "SIP.Application.FG1_Switch.FB1_XSWI.Pos.DPC_StatusOff";DESC := "0##Application#Disconnector 1#Disconnector#Position#open##1";}:IEXV_SPS_BO;
 00352:  
 00353:       (* 0019 - SIP.Application.FG2_Switch.FB1_XSWI.Pos.DPC_StatusOff *)
 00354:       EXV_SPS_0019   {COMMENT := "SIP.Application.FG2_Switch.FB1_XSWI.Pos.DPC_StatusOff";DESC := "0##Application#Disconnector 2#Disconnector#Position#open##1";}:IEXV_SPS_BO;
 00355:  
 00356:       (* 0020 - SIP.Application.FG1_Switch.FB1_XSWI.Pos.DPC_StatusOn *)
 00357:       EXV_SPS_0020   {COMMENT := "SIP.Application.FG1_Switch.FB1_XSWI.Pos.DPC_StatusOn";DESC := "0##Application#Disconnector 1#Disconnector#Position#closed##1";}:IEXV_SPS_BO;
 00358:  
 00359:       (* 0021 - SIP.Application.FG2_Switch.FB1_XSWI.Pos.DPC_StatusOn *)
 00360:       EXV_SPS_0021   {COMMENT := "SIP.Application.FG2_Switch.FB1_XSWI.Pos.DPC_StatusOn";DESC := "0##Application#Disconnector 2#Disconnector#Position#closed##1";}:IEXV_SPS_BO;
 00361:  
 00362:       (* 0022 - SIP.Application.FG3_Switch.FB1_XSWI.Pos.DPC_StatusOff *)
 00363:       EXV_SPS_0022   {COMMENT := "SIP.Application.FG3_Switch.FB1_XSWI.Pos.DPC_StatusOff";DESC := "0##Application#Disconnector 3#Disconnector#Position#open##1";}:IEXV_SPS_BO;
 00364:  
 00365:       (* 0023 - SIP.Application.FG3_Switch.FB1_XSWI.Pos.DPC_StatusOn *)
 00366:       EXV_SPS_0023   {COMMENT := "SIP.Application.FG3_Switch.FB1_XSWI.Pos.DPC_StatusOn";DESC := "0##Application#Disconnector 3#Disconnector#Position#closed##1";}:IEXV_SPS_BO;
 00367:  
 00368:       (* 0024 - SIP.Application.FG3_Switch.FB1_CILO.EnaOpn *)
 00369:       EXV_SPS_0024   {COMMENT := "SIP.Application.FG3_Switch.FB1_CILO.EnaOpn";DESC := "0##Application#Disconnector 3#Interlocking#>Enable opening##1";}:OEXV_BO_SPS;
 00370:  
 00371:       (* 0025 - SIP.Application.FG3_Switch.FB1_CILO.EnaCls *)
 00372:       EXV_SPS_0025   {COMMENT := "SIP.Application.FG3_Switch.FB1_CILO.EnaCls";DESC := "0##Application#Disconnector 3#Interlocking#>Enable closing##1";}:OEXV_BO_SPS;
 00373:  
 00374:       (* 0026 - SIP.Application.FG2_Switch.FB1_CILO.EnaOpn *)
 00375:       EXV_SPS_0026   {COMMENT := "SIP.Application.FG2_Switch.FB1_CILO.EnaOpn";DESC := "0##Application#Disconnector 2#Interlocking#>Enable opening##1";}:OEXV_BO_SPS;
 00376:  
 00377:       (* 0027 - SIP.Application.FG2_Switch.FB1_CILO.EnaCls *)
 00378:       EXV_SPS_0027   {COMMENT := "SIP.Application.FG2_Switch.FB1_CILO.EnaCls";DESC := "0##Application#Disconnector 2#Interlocking#>Enable closing##1";}:OEXV_BO_SPS;
 00379:  
 00380:       (* 0028 - SIP.Application.FG1_Switch.FB1_CILO.EnaCls *)
 00381:       EXV_SPS_0028   {COMMENT := "SIP.Application.FG1_Switch.FB1_CILO.EnaCls";DESC := "0##Application#Disconnector 1#Interlocking#>Enable closing##1";}:OEXV_BO_SPS;
 00382:  
 00383:       (* 0029 - SIP.Application.FG1_Switch.FB1_CILO.EnaOpn *)
 00384:       EXV_SPS_0029   {COMMENT := "SIP.Application.FG1_Switch.FB1_CILO.EnaOpn";DESC := "0##Application#Disconnector 1#Interlocking#>Enable opening##1";}:OEXV_BO_SPS;
 00385:  
 00386:       (* 0030 - SIP.Application.FG1_Breaker_3pol.FB1_CILO.EnaCls *)
 00387:       EXV_SPS_0030   {COMMENT := "SIP.Application.FG1_Breaker_3pol.FB1_CILO.EnaCls";DESC := "0##Application#Circuit breaker 1#Interlocking#>Enable closing##1";}:OEXV_BO_SPS;
 00388:  END_VAR
 00389:  
 00390:       EXV_SPS_0017        (LNK := 17);
                                CHART_Interlocking:
00000328  182A11009A000000          MOVE.W    #17,154(DP)
00000330  04B1000000009A000000      VCALL     IEXV_SPS_BO,#154
 00391:  
 00392:       EXV_SPS_0018        (LNK := 18);
0000033A  182A1200A4000000          MOVE.W    #18,164(DP)
00000342  04B100000000A4000000      VCALL     IEXV_SPS_BO,#164
 00393:  
 00394:       EXV_SPS_0019        (LNK := 19);
0000034C  182A1300AE000000          MOVE.W    #19,174(DP)
00000354  04B100000000AE000000      VCALL     IEXV_SPS_BO,#174
 00395:  
 00396:       EXV_SPS_0020        (LNK := 20);
0000035E  182A1400B8000000          MOVE.W    #20,184(DP)
00000366  04B100000000B8000000      VCALL     IEXV_SPS_BO,#184
ST-Compiler Version 4.52.01    Mon May 27 16:18:49 2024    Page 10
File: 'D:\Work\Guatemala\2024\POC_HINCAPIE\Project\SIEMENS\DIGSI\S012+R06\TMP\CFC\7344242.2060\STComp.st'

 00397:  
 00398:       EXV_SPS_0021        (LNK := 21);
00000370  182A1500C2000000          MOVE.W    #21,194(DP)
00000378  04B100000000C2000000      VCALL     IEXV_SPS_BO,#194
 00399:  
 00400:       EXV_SPS_0022        (LNK := 22);
00000382  182A1600CC000000          MOVE.W    #22,204(DP)
0000038A  04B100000000CC000000      VCALL     IEXV_SPS_BO,#204
 00401:  
 00402:       EXV_SPS_0023        (LNK := 23);
00000394  182A1700D6000000          MOVE.W    #23,214(DP)
0000039C  04B100000000D6000000      VCALL     IEXV_SPS_BO,#214
 00403:  
 00404:       OR10_1              (X1 := EXV_SPS_0017.VAL(* POSITION := -1*-1: SIZE := 36* -1:   *) ,
000003A6  18229C00000000000000      MOVE.W    156(DP),0(DP)
 00405:                            X2 := 0,
000003B0  182A000002000000          MOVE.W    #0,2(DP)
 00406:                            X3 := 0,
000003B8  182A000004000000          MOVE.W    #0,4(DP)
 00407:                            X4 := 0,
000003C0  182A000006000000          MOVE.W    #0,6(DP)
 00408:                            X5 := 0,
000003C8  182A000008000000          MOVE.W    #0,8(DP)
 00409:                            X6 := 0,
000003D0  182A00000A000000          MOVE.W    #0,10(DP)
 00410:                            X7 := 0,
000003D8  182A00000C000000          MOVE.W    #0,12(DP)
 00411:                            X8 := 0,
000003E0  182A00000E000000          MOVE.W    #0,14(DP)
 00412:                            X9 := 0,
000003E8  182A000010000000          MOVE.W    #0,16(DP)
 00413:                            X10 := 0);
000003F0  182A000012000000          MOVE.W    #0,18(DP)
000003F8  04B11400000000000000      VCALL     OR10,#0
 00414:  
 00415:  
 00416:       AND10_2             (X1 := EXV_SPS_0018.VAL(* POSITION := -1*-1: SIZE := 34* -1:   *) ,
00000402  1822A600000016000000      MOVE.W    166(DP),22(DP)
 00417:                            X2 := EXV_SPS_0017.VAL(* POSITION := -1*-1: SIZE := 36* -1:   *) ,
0000040C  18229C00000018000000      MOVE.W    156(DP),24(DP)
 00418:                            X3 := 1,
00000416  182A01001A000000          MOVE.W    #1,26(DP)
 00419:                            X4 := 1,
0000041E  182A01001C000000          MOVE.W    #1,28(DP)
 00420:                            X5 := 1,
00000426  182A01001E000000          MOVE.W    #1,30(DP)
 00421:                            X6 := 1,
0000042E  182A010020000000          MOVE.W    #1,32(DP)
 00422:                            X7 := 1,
00000436  182A010022000000          MOVE.W    #1,34(DP)
 00423:                            X8 := 1,
0000043E  182A010024000000          MOVE.W    #1,36(DP)
 00424:                            X9 := 1,
00000446  182A010026000000          MOVE.W    #1,38(DP)
 00425:                            X10 := 1);
0000044E  182A010028000000          MOVE.W    #1,40(DP)
00000456  04B15A00000016000000      VCALL     AND10,#22
 00426:  
ST-Compiler Version 4.52.01    Mon May 27 16:18:49 2024    Page 11
File: 'D:\Work\Guatemala\2024\POC_HINCAPIE\Project\SIEMENS\DIGSI\S012+R06\TMP\CFC\7344242.2060\STComp.st'

 00427:  
 00428:       AND10_3             (X1 := EXV_SPS_0019.VAL(* POSITION := -1*-1: SIZE := 34* -1:   *) ,
00000460  1822B00000002C000000      MOVE.W    176(DP),44(DP)
 00429:                            X2 := EXV_SPS_0017.VAL(* POSITION := -1*-1: SIZE := 36* -1:   *) ,
0000046A  18229C0000002E000000      MOVE.W    156(DP),46(DP)
 00430:                            X3 := 1,
00000474  182A010030000000          MOVE.W    #1,48(DP)
 00431:                            X4 := 1,
0000047C  182A010032000000          MOVE.W    #1,50(DP)
 00432:                            X5 := 1,
00000484  182A010034000000          MOVE.W    #1,52(DP)
 00433:                            X6 := 1,
0000048C  182A010036000000          MOVE.W    #1,54(DP)
 00434:                            X7 := 1,
00000494  182A010038000000          MOVE.W    #1,56(DP)
 00435:                            X8 := 1,
0000049C  182A01003A000000          MOVE.W    #1,58(DP)
 00436:                            X9 := 1,
000004A4  182A01003C000000          MOVE.W    #1,60(DP)
 00437:                            X10 := 1);
000004AC  182A01003E000000          MOVE.W    #1,62(DP)
000004B4  04B15A0000002C000000      VCALL     AND10,#44
 00438:  
 00439:  
 00440:       OR10_4              (X1 := EXV_SPS_0018.VAL(* POSITION := -1*-1: SIZE := 34* -1:   *) ,
000004BE  1822A600000042000000      MOVE.W    166(DP),66(DP)
 00441:                            X2 := EXV_SPS_0020.VAL(* POSITION := -1*-1: SIZE := 35* -1:   *) ,
000004C8  1822BA00000044000000      MOVE.W    186(DP),68(DP)
 00442:                            X3 := 0,
000004D2  182A000046000000          MOVE.W    #0,70(DP)
 00443:                            X4 := 0,
000004DA  182A000048000000          MOVE.W    #0,72(DP)
 00444:                            X5 := 0,
000004E2  182A00004A000000          MOVE.W    #0,74(DP)
 00445:                            X6 := 0,
000004EA  182A00004C000000          MOVE.W    #0,76(DP)
 00446:                            X7 := 0,
000004F2  182A00004E000000          MOVE.W    #0,78(DP)
 00447:                            X8 := 0,
000004FA  182A000050000000          MOVE.W    #0,80(DP)
 00448:                            X9 := 0,
00000502  182A000052000000          MOVE.W    #0,82(DP)
 00449:                            X10 := 0);
0000050A  182A000054000000          MOVE.W    #0,84(DP)
00000512  04B11400000042000000      VCALL     OR10,#66
 00450:  
 00451:       OR10_5              (X1 := EXV_SPS_0019.VAL(* POSITION := -1*-1: SIZE := 34* -1:   *) ,
0000051C  1822B000000058000000      MOVE.W    176(DP),88(DP)
 00452:                            X2 := EXV_SPS_0021.VAL(* POSITION := -1*-1: SIZE := 35* -1:   *) ,
00000526  1822C40000005A000000      MOVE.W    196(DP),90(DP)
 00453:                            X3 := 0,
00000530  182A00005C000000          MOVE.W    #0,92(DP)
 00454:                            X4 := 0,
00000538  182A00005E000000          MOVE.W    #0,94(DP)
 00455:                            X5 := 0,
00000540  182A000060000000          MOVE.W    #0,96(DP)
 00456:                            X6 := 0,
00000548  182A000062000000          MOVE.W    #0,98(DP)
ST-Compiler Version 4.52.01    Mon May 27 16:18:49 2024    Page 12
File: 'D:\Work\Guatemala\2024\POC_HINCAPIE\Project\SIEMENS\DIGSI\S012+R06\TMP\CFC\7344242.2060\STComp.st'

 00457:                            X7 := 0,
00000550  182A000064000000          MOVE.W    #0,100(DP)
 00458:                            X8 := 0,
00000558  182A000066000000          MOVE.W    #0,102(DP)
 00459:                            X9 := 0,
00000560  182A000068000000          MOVE.W    #0,104(DP)
 00460:                            X10 := 0);
00000568  182A00006A000000          MOVE.W    #0,106(DP)
00000570  04B11400000058000000      VCALL     OR10,#88
 00461:  
 00462:       OR10_6              (X1 := EXV_SPS_0022.VAL(* POSITION := -1*-1: SIZE := 34* -1:   *) ,
0000057A  1822CE0000006E000000      MOVE.W    206(DP),110(DP)
 00463:                            X2 := EXV_SPS_0023.VAL(* POSITION := -1*-1: SIZE := 35* -1:   *) ,
00000584  1822D800000070000000      MOVE.W    216(DP),112(DP)
 00464:                            X3 := 0,
0000058E  182A000072000000          MOVE.W    #0,114(DP)
 00465:                            X4 := 0,
00000596  182A000074000000          MOVE.W    #0,116(DP)
 00466:                            X5 := 0,
0000059E  182A000076000000          MOVE.W    #0,118(DP)
 00467:                            X6 := 0,
000005A6  182A000078000000          MOVE.W    #0,120(DP)
 00468:                            X7 := 0,
000005AE  182A00007A000000          MOVE.W    #0,122(DP)
 00469:                            X8 := 0,
000005B6  182A00007C000000          MOVE.W    #0,124(DP)
 00470:                            X9 := 0,
000005BE  182A00007E000000          MOVE.W    #0,126(DP)
 00471:                            X10 := 0);
000005C6  182A000080000000          MOVE.W    #0,128(DP)
000005CE  04B1140000006E000000      VCALL     OR10,#110
 00472:  
 00473:       AND10_7             (X1 := OR10_4.Y,
000005D8  18225600000084000000      MOVE.W    86(DP),132(DP)
 00474:                            X2 := OR10_5.Y,
000005E2  18226C00000086000000      MOVE.W    108(DP),134(DP)
 00475:                            X3 := OR10_6.Y,
000005EC  18228200000088000000      MOVE.W    130(DP),136(DP)
 00476:                            X4 := 1,
000005F6  182A01008A000000          MOVE.W    #1,138(DP)
 00477:                            X5 := 1,
000005FE  182A01008C000000          MOVE.W    #1,140(DP)
 00478:                            X6 := 1,
00000606  182A01008E000000          MOVE.W    #1,142(DP)
 00479:                            X7 := 1,
0000060E  182A010090000000          MOVE.W    #1,144(DP)
 00480:                            X8 := 1,
00000616  182A010092000000          MOVE.W    #1,146(DP)
 00481:                            X9 := 1,
0000061E  182A010094000000          MOVE.W    #1,148(DP)
 00482:                            X10 := 1);
00000626  182A010096000000          MOVE.W    #1,150(DP)
0000062E  04B15A00000084000000      VCALL     AND10,#132
 00483:  
 00484:       EXV_SPS_0024        (LNK := 24,
00000638  182A1800E0000000          MOVE.W    #24,224(DP)
 00485:                            VAL := OR10_1.Y(* POSITION := -1*-1: SIZE := 35* -1:   *) );
00000640  182214000000E2000000      MOVE.W    20(DP),226(DP)
ST-Compiler Version 4.52.01    Mon May 27 16:18:49 2024    Page 13
File: 'D:\Work\Guatemala\2024\POC_HINCAPIE\Project\SIEMENS\DIGSI\S012+R06\TMP\CFC\7344242.2060\STComp.st'

0000064A  04B10A000000E0000000      VCALL     OEXV_BO_SPS,#224
 00486:       EXV_SPS_0025        (LNK := 25,
00000654  182A1900EA000000          MOVE.W    #25,234(DP)
 00487:                            VAL := OR10_1.Y(* POSITION := -1*-1: SIZE := 35* -1:   *) );
0000065C  182214000000EC000000      MOVE.W    20(DP),236(DP)
00000666  04B10A000000EA000000      VCALL     OEXV_BO_SPS,#234
 00488:       EXV_SPS_0026        (LNK := 26,
00000670  182A1A00F4000000          MOVE.W    #26,244(DP)
 00489:                            VAL := AND10_2.Y(* POSITION := -1*-1: SIZE := 35* -1:   *) );
00000678  18222A000000F6000000      MOVE.W    42(DP),246(DP)
00000682  04B10A000000F4000000      VCALL     OEXV_BO_SPS,#244
 00490:       EXV_SPS_0027        (LNK := 27,
0000068C  182A1B00FE000000          MOVE.W    #27,254(DP)
 00491:                            VAL := AND10_2.Y(* POSITION := -1*-1: SIZE := 35* -1:   *) );
00000694  18222A00000000010000      MOVE.W    42(DP),256(DP)
0000069E  04B10A000000FE000000      VCALL     OEXV_BO_SPS,#254
 00492:       EXV_SPS_0028        (LNK := 28,
000006A8  182A1C0008010000          MOVE.W    #28,264(DP)
 00493:                            VAL := AND10_3.Y(* POSITION := -1*-1: SIZE := 35* -1:   *) );
000006B0  1822400000000A010000      MOVE.W    64(DP),266(DP)
000006BA  04B10A00000008010000      VCALL     OEXV_BO_SPS,#264
 00494:       EXV_SPS_0029        (LNK := 29,
000006C4  182A1D0012010000          MOVE.W    #29,274(DP)
 00495:                            VAL := AND10_3.Y(* POSITION := -1*-1: SIZE := 35* -1:   *) );
000006CC  18224000000014010000      MOVE.W    64(DP),276(DP)
000006D6  04B10A00000012010000      VCALL     OEXV_BO_SPS,#274
 00496:       EXV_SPS_0030        (LNK := 30,
000006E0  182A1E001C010000          MOVE.W    #30,284(DP)
 00497:                            VAL := AND10_7.Y(* POSITION := -1*-1: SIZE := 36* -1:   *) );
000006E8  1822980000001E010000      MOVE.W    152(DP),286(DP)
000006F2  04B10A0000001C010000      VCALL     OEXV_BO_SPS,#284
 00498:  
 00499:  
 00500:  END_PROGRAM
000006FC  010A0000                  RETB      #0
 00501:  
 00502:                                                    (* ---------- Program : CHART_Process_mode_inactive ----------  *)
 00503:  
 00504:  PROGRAM CHART_Process_mode_inactive
 00505:  {COMMENT := "Process mode inactive";DESC := "";}
 00506:  (* ChartLayout;PageSize := A4,Rows := 3,Columns := 2,MarginMode := WithoutMargins,MarginSize := 24,MarginLines := 1 *)
 00507:  (* PartitionInfo;Id := 1,Name := Partition_1,Comment :=  *)
 00508:  VAR
 00509:  
 00510:  
 00511:  
 00512:       (* IO_IOVISIBILITY;OR10_1;X3:X4:X5:X6:X7:X8:X9:X10: *)
 00513:                 
 00514:       (* PartitionInfo;PartitionID OR10_1;1  *)
 00515:  OR10_1          { COMMENT := 'or10_1'; POSITION := 34,8; SIZE := 12, 12; } :OR10;         
 00516:  
 00517:  
 00518:       (* IO_IOVISIBILITY;AND10_2;X3:X4:X5:X6:X7:X8:X9:X10: *)
 00519:                 
 00520:       (* PartitionInfo;PartitionID AND10_2;1  *)
 00521:  AND10_2         { COMMENT := 'and10_1'; POSITION := 65,19; SIZE := 12, 12; } :AND10;        
 00522:  
 00523:                 
ST-Compiler Version 4.52.01    Mon May 27 16:18:49 2024    Page 14
File: 'D:\Work\Guatemala\2024\POC_HINCAPIE\Project\SIEMENS\DIGSI\S012+R06\TMP\CFC\7344242.2060\STComp.st'

 00524:  
 00525:       (* IO_IOUNIT;TLONG_3;
 00526:   MS100 := '100ms' *)
 00527:       (* PartitionInfo;PartitionID TLONG_3;1  *)
 00528:  TLONG_3         { COMMENT := 'tlong_1'; POSITION := 97,19; SIZE := 12, 12; } :TLONG;        
 00529:  
 00530:       (* 0031 - SIP.Application.LPHD_Application.SimuMode *)
 00531:       EXV_SPS_0031   {COMMENT := "SIP.Application.LPHD_Application.SimuMode";DESC := "0##Application#Device#Simulation mode active##1";}:IEXV_SPS_BO;
 00532:  
 00533:       (* 0032 - SIP.Application.LPHD_Application.CommMode *)
 00534:       EXV_SPS_0032   {COMMENT := "SIP.Application.LPHD_Application.CommMode";DESC := "0##Application#Device#Commiss. mode active##1";}:IEXV_SPS_BO;
 00535:  
 00536:       (* 0033 - SIP.Application.LPHD_Application.DigsiAct *)
 00537:       EXV_SPS_0033   {COMMENT := "SIP.Application.LPHD_Application.DigsiAct";DESC := "0##Application#Device#DIGSI active##1";}:IEXV_SPS_BO;
 00538:  
 00539:       (* 0034 - SIP.Application.LPHD_Application.PrcModIna *)
 00540:       EXV_SPS_0034   {COMMENT := "SIP.Application.LPHD_Application.PrcModIna";DESC := "0##Application#Device#Process mode inactive##1";}:OEXV_BO_SPS;
 00541:  
 00542:       (* 0035 - SIP.Application.CALH_Application.GrAlmIn *)
 00543:       EXV_SPS_0035   {COMMENT := "SIP.Application.CALH_Application.GrAlmIn";DESC := "0##Application#Alarm handling#>Group Alarm##1";}:OEXV_BO_SPS;
 00544:  END_VAR
 00545:  
 00546:       EXV_SPS_0031        (LNK := 31);
                                CHART_Process_mode_inactive:
00000700  182A1F0046000000          MOVE.W    #31,70(DP)
00000708  04B10000000046000000      VCALL     IEXV_SPS_BO,#70
 00547:  
 00548:       EXV_SPS_0032        (LNK := 32);
00000712  182A200050000000          MOVE.W    #32,80(DP)
0000071A  04B10000000050000000      VCALL     IEXV_SPS_BO,#80
 00549:  
 00550:       EXV_SPS_0033        (LNK := 33);
00000724  182A21005A000000          MOVE.W    #33,90(DP)
0000072C  04B1000000005A000000      VCALL     IEXV_SPS_BO,#90
 00551:  
 00552:       OR10_1              (X1 := EXV_SPS_0031.VAL(* POSITION := -1*-1: SIZE := 28* -1:   *) ,
00000736  18224800000000000000      MOVE.W    72(DP),0(DP)
 00553:                            X2 := EXV_SPS_0032.VAL(* POSITION := -1*-1: SIZE := 27* -1:   *) ,
00000740  18225200000002000000      MOVE.W    82(DP),2(DP)
 00554:                            X3 := 0,
0000074A  182A000004000000          MOVE.W    #0,4(DP)
 00555:                            X4 := 0,
00000752  182A000006000000          MOVE.W    #0,6(DP)
 00556:                            X5 := 0,
0000075A  182A000008000000          MOVE.W    #0,8(DP)
 00557:                            X6 := 0,
00000762  182A00000A000000          MOVE.W    #0,10(DP)
 00558:                            X7 := 0,
0000076A  182A00000C000000          MOVE.W    #0,12(DP)
 00559:                            X8 := 0,
00000772  182A00000E000000          MOVE.W    #0,14(DP)
 00560:                            X9 := 0,
0000077A  182A000010000000          MOVE.W    #0,16(DP)
 00561:                            X10 := 0);
00000782  182A000012000000          MOVE.W    #0,18(DP)
0000078A  04B11400000000000000      VCALL     OR10,#0
 00562:  
 00563:  
ST-Compiler Version 4.52.01    Mon May 27 16:18:49 2024    Page 15
File: 'D:\Work\Guatemala\2024\POC_HINCAPIE\Project\SIEMENS\DIGSI\S012+R06\TMP\CFC\7344242.2060\STComp.st'

 00564:       AND10_2             (X1 := OR10_1.Y,
00000794  18221400000016000000      MOVE.W    20(DP),22(DP)
 00565:                            X2 := NOT EXV_SPS_0033.VAL(* POSITION := -1*-1: SIZE := 23* -1:   *) ,
0000079E  0E025C000000              LD.W      92(DP)
000007A4  4805                      NOT.W     AC
000007A6  3FA50100                  AND.W     AC,#1
000007AA  130218000000              ST.W      24(DP)
 00566:                            X3 := 1,
000007B0  182A01001A000000          MOVE.W    #1,26(DP)
 00567:                            X4 := 1,
000007B8  182A01001C000000          MOVE.W    #1,28(DP)
 00568:                            X5 := 1,
000007C0  182A01001E000000          MOVE.W    #1,30(DP)
 00569:                            X6 := 1,
000007C8  182A010020000000          MOVE.W    #1,32(DP)
 00570:                            X7 := 1,
000007D0  182A010022000000          MOVE.W    #1,34(DP)
 00571:                            X8 := 1,
000007D8  182A010024000000          MOVE.W    #1,36(DP)
 00572:                            X9 := 1,
000007E0  182A010026000000          MOVE.W    #1,38(DP)
 00573:                            X10 := 1);
000007E8  182A010028000000          MOVE.W    #1,40(DP)
000007F0  04B15A00000016000000      VCALL     AND10,#22
 00574:  
 00575:  
 00576:       TLONG_3             (START := AND10_2.Y,
000007FA  18222A0000002C000000      MOVE.W    42(DP),44(DP)
 00577:                            RESET := NOT AND10_2.Y,
00000804  0E022A000000              LD.W      42(DP)
0000080A  4805                      NOT.W     AC
0000080C  3FA50100                  AND.W     AC,#1
00000810  13022E000000              ST.W      46(DP)
 00578:                            HOUR := 4,
00000816  182A040030000000          MOVE.W    #4,48(DP)
 00579:                            MIN := 0,
0000081E  182A000032000000          MOVE.W    #0,50(DP)
 00580:                            MS100 := 10);
00000826  182A0A0034000000          MOVE.W    #10,52(DP)
0000082E  04B1A00000002C000000      VCALL     TLONG,#44
 00581:  
 00582:       EXV_SPS_0034        (LNK := 34,
00000838  182A220064000000          MOVE.W    #34,100(DP)
 00583:                            VAL := OR10_1.Y(* POSITION := -1*-1: SIZE := 27* -1:   *) );
00000840  18221400000066000000      MOVE.W    20(DP),102(DP)
0000084A  04B10A00000064000000      VCALL     OEXV_BO_SPS,#100
 00584:       EXV_SPS_0035        (LNK := 35,
00000854  182A23006E000000          MOVE.W    #35,110(DP)
 00585:                            VAL := TLONG_3.Q(* POSITION := -1*-1: SIZE := 27* -1:   *) );
0000085C  18223600000070000000      MOVE.W    54(DP),112(DP)
00000866  04B10A0000006E000000      VCALL     OEXV_BO_SPS,#110
 00586:  
 00587:  
 00588:  END_PROGRAM
00000870  010A0000                  RETB      #0
 00589:  
 00590:  CONFIGURATION  PLC_CONTROL 
 00591:     RESOURCE PLANS { COMMENT := "Txt100_100";} ON CPU32
ST-Compiler Version 4.52.01    Mon May 27 16:18:49 2024    Page 16
File: 'D:\Work\Guatemala\2024\POC_HINCAPIE\Project\SIEMENS\DIGSI\S012+R06\TMP\CFC\7344242.2060\STComp.st'

 00592:       TASK EVENT_SLOW     { TICKS := 1300;}(PRIORITY := INTERNAL);
 00593:       TASK EVENT_FAST     { TICKS := 255;}(PRIORITY := INTERNAL);
 00594:       TASK MEASUREMENT    { TICKS := 2536;}(PRIORITY := INTERNAL);
 00595:       TASK INTERLOCKING   { TICKS := 2173;}(PRIORITY := INTERNAL);
 00596:  
 00597:       PROGRAM FBI001 WITH EVENT_SLOW:  CHART_Group_warning;
 00598:       PROGRAM FBI002 WITH EVENT_SLOW:  CHART_Interlocking;
 00599:       PROGRAM FBI003 WITH EVENT_SLOW:  CHART_Process_mode_inactive;
 00600:  
 00601:     END_RESOURCE
 00602:  
 00603:   END_CONFIGURATION                                    .END
     